==========================================
SLURM_JOB_ID = 1080108
SLURM_JOB_NODELIST = e21-02
TMPDIR = /tmp/SLURM_1080108
==========================================
Hello! We start experiment for 2D Image Segmentation!
You are using "cuda" device.
STEP1. Load BUSI Test Dataset Loader...
STEP2. Load MADGNet ...
Complete loading your pretrained backbone resnest50
TRAINING
STEP1. Load BUSI-Combined Train Dataset Loader...
EPOCH 1 | 10/179 (5.6%) COMPLETE
EPOCH 1 | 20/179 (11.2%) COMPLETE
EPOCH 1 | 30/179 (16.8%) COMPLETE
EPOCH 1 | 40/179 (22.3%) COMPLETE
EPOCH 1 | 50/179 (27.9%) COMPLETE
EPOCH 1 | 60/179 (33.5%) COMPLETE
EPOCH 1 | 70/179 (39.1%) COMPLETE
EPOCH 1 | 80/179 (44.7%) COMPLETE
EPOCH 1 | 90/179 (50.3%) COMPLETE
EPOCH 1 | 100/179 (55.9%) COMPLETE
EPOCH 1 | 110/179 (61.5%) COMPLETE
EPOCH 1 | 120/179 (67.0%) COMPLETE
EPOCH 1 | 130/179 (72.6%) COMPLETE
EPOCH 1 | 140/179 (78.2%) COMPLETE
EPOCH 1 | 150/179 (83.8%) COMPLETE
EPOCH 1 | 160/179 (89.4%) COMPLETE
EPOCH 1 | 170/179 (95.0%) COMPLETE
EPOCH 1 | Average Loss: 0.8045
EPOCH 2 | 10/179 (5.6%) COMPLETE
EPOCH 2 | 20/179 (11.2%) COMPLETE
EPOCH 2 | 30/179 (16.8%) COMPLETE
EPOCH 2 | 40/179 (22.3%) COMPLETE
EPOCH 2 | 50/179 (27.9%) COMPLETE
EPOCH 2 | 60/179 (33.5%) COMPLETE
EPOCH 2 | 70/179 (39.1%) COMPLETE
EPOCH 2 | 80/179 (44.7%) COMPLETE
EPOCH 2 | 90/179 (50.3%) COMPLETE
EPOCH 2 | 100/179 (55.9%) COMPLETE
EPOCH 2 | 110/179 (61.5%) COMPLETE
EPOCH 2 | 120/179 (67.0%) COMPLETE
EPOCH 2 | 130/179 (72.6%) COMPLETE
EPOCH 2 | 140/179 (78.2%) COMPLETE
EPOCH 2 | 150/179 (83.8%) COMPLETE
EPOCH 2 | 160/179 (89.4%) COMPLETE
EPOCH 2 | 170/179 (95.0%) COMPLETE
EPOCH 2 | Average Loss: 0.6340
EPOCH 3 | 10/179 (5.6%) COMPLETE
EPOCH 3 | 20/179 (11.2%) COMPLETE
EPOCH 3 | 30/179 (16.8%) COMPLETE
EPOCH 3 | 40/179 (22.3%) COMPLETE
EPOCH 3 | 50/179 (27.9%) COMPLETE
EPOCH 3 | 60/179 (33.5%) COMPLETE
EPOCH 3 | 70/179 (39.1%) COMPLETE
EPOCH 3 | 80/179 (44.7%) COMPLETE
EPOCH 3 | 90/179 (50.3%) COMPLETE
EPOCH 3 | 100/179 (55.9%) COMPLETE
EPOCH 3 | 110/179 (61.5%) COMPLETE
EPOCH 3 | 120/179 (67.0%) COMPLETE
EPOCH 3 | 130/179 (72.6%) COMPLETE
EPOCH 3 | 140/179 (78.2%) COMPLETE
EPOCH 3 | 150/179 (83.8%) COMPLETE
EPOCH 3 | 160/179 (89.4%) COMPLETE
EPOCH 3 | 170/179 (95.0%) COMPLETE
EPOCH 3 | Average Loss: 0.5426
EPOCH 4 | 10/179 (5.6%) COMPLETE
EPOCH 4 | 20/179 (11.2%) COMPLETE
EPOCH 4 | 30/179 (16.8%) COMPLETE
EPOCH 4 | 40/179 (22.3%) COMPLETE
EPOCH 4 | 50/179 (27.9%) COMPLETE
EPOCH 4 | 60/179 (33.5%) COMPLETE
EPOCH 4 | 70/179 (39.1%) COMPLETE
EPOCH 4 | 80/179 (44.7%) COMPLETE
EPOCH 4 | 90/179 (50.3%) COMPLETE
EPOCH 4 | 100/179 (55.9%) COMPLETE
EPOCH 4 | 110/179 (61.5%) COMPLETE
EPOCH 4 | 120/179 (67.0%) COMPLETE
EPOCH 4 | 130/179 (72.6%) COMPLETE
EPOCH 4 | 140/179 (78.2%) COMPLETE
EPOCH 4 | 150/179 (83.8%) COMPLETE
EPOCH 4 | 160/179 (89.4%) COMPLETE
EPOCH 4 | 170/179 (95.0%) COMPLETE
EPOCH 4 | Average Loss: 0.4716
EPOCH 5 | 10/179 (5.6%) COMPLETE
EPOCH 5 | 20/179 (11.2%) COMPLETE
EPOCH 5 | 30/179 (16.8%) COMPLETE
EPOCH 5 | 40/179 (22.3%) COMPLETE
EPOCH 5 | 50/179 (27.9%) COMPLETE
EPOCH 5 | 60/179 (33.5%) COMPLETE
EPOCH 5 | 70/179 (39.1%) COMPLETE
EPOCH 5 | 80/179 (44.7%) COMPLETE
EPOCH 5 | 90/179 (50.3%) COMPLETE
EPOCH 5 | 100/179 (55.9%) COMPLETE
EPOCH 5 | 110/179 (61.5%) COMPLETE
EPOCH 5 | 120/179 (67.0%) COMPLETE
EPOCH 5 | 130/179 (72.6%) COMPLETE
EPOCH 5 | 140/179 (78.2%) COMPLETE
EPOCH 5 | 150/179 (83.8%) COMPLETE
EPOCH 5 | 160/179 (89.4%) COMPLETE
EPOCH 5 | 170/179 (95.0%) COMPLETE
EPOCH 5 | Average Loss: 0.4151
EPOCH 6 | 10/179 (5.6%) COMPLETE
EPOCH 6 | 20/179 (11.2%) COMPLETE
EPOCH 6 | 30/179 (16.8%) COMPLETE
EPOCH 6 | 40/179 (22.3%) COMPLETE
EPOCH 6 | 50/179 (27.9%) COMPLETE
EPOCH 6 | 60/179 (33.5%) COMPLETE
EPOCH 6 | 70/179 (39.1%) COMPLETE
EPOCH 6 | 80/179 (44.7%) COMPLETE
EPOCH 6 | 90/179 (50.3%) COMPLETE
EPOCH 6 | 100/179 (55.9%) COMPLETE
EPOCH 6 | 110/179 (61.5%) COMPLETE
EPOCH 6 | 120/179 (67.0%) COMPLETE
EPOCH 6 | 130/179 (72.6%) COMPLETE
EPOCH 6 | 140/179 (78.2%) COMPLETE
EPOCH 6 | 150/179 (83.8%) COMPLETE
EPOCH 6 | 160/179 (89.4%) COMPLETE
EPOCH 6 | 170/179 (95.0%) COMPLETE
EPOCH 6 | Average Loss: 0.3550
EPOCH 7 | 10/179 (5.6%) COMPLETE
EPOCH 7 | 20/179 (11.2%) COMPLETE
EPOCH 7 | 30/179 (16.8%) COMPLETE
EPOCH 7 | 40/179 (22.3%) COMPLETE
EPOCH 7 | 50/179 (27.9%) COMPLETE
EPOCH 7 | 60/179 (33.5%) COMPLETE
EPOCH 7 | 70/179 (39.1%) COMPLETE
EPOCH 7 | 80/179 (44.7%) COMPLETE
EPOCH 7 | 90/179 (50.3%) COMPLETE
EPOCH 7 | 100/179 (55.9%) COMPLETE
EPOCH 7 | 110/179 (61.5%) COMPLETE
EPOCH 7 | 120/179 (67.0%) COMPLETE
EPOCH 7 | 130/179 (72.6%) COMPLETE
EPOCH 7 | 140/179 (78.2%) COMPLETE
EPOCH 7 | 150/179 (83.8%) COMPLETE
EPOCH 7 | 160/179 (89.4%) COMPLETE
EPOCH 7 | 170/179 (95.0%) COMPLETE
EPOCH 7 | Average Loss: 0.3055
EPOCH 8 | 10/179 (5.6%) COMPLETE
EPOCH 8 | 20/179 (11.2%) COMPLETE
EPOCH 8 | 30/179 (16.8%) COMPLETE
EPOCH 8 | 40/179 (22.3%) COMPLETE
EPOCH 8 | 50/179 (27.9%) COMPLETE
EPOCH 8 | 60/179 (33.5%) COMPLETE
EPOCH 8 | 70/179 (39.1%) COMPLETE
EPOCH 8 | 80/179 (44.7%) COMPLETE
EPOCH 8 | 90/179 (50.3%) COMPLETE
EPOCH 8 | 100/179 (55.9%) COMPLETE
EPOCH 8 | 110/179 (61.5%) COMPLETE
EPOCH 8 | 120/179 (67.0%) COMPLETE
EPOCH 8 | 130/179 (72.6%) COMPLETE
EPOCH 8 | 140/179 (78.2%) COMPLETE
EPOCH 8 | 150/179 (83.8%) COMPLETE
EPOCH 8 | 160/179 (89.4%) COMPLETE
EPOCH 8 | 170/179 (95.0%) COMPLETE
EPOCH 8 | Average Loss: 0.2632
EPOCH 9 | 10/179 (5.6%) COMPLETE
EPOCH 9 | 20/179 (11.2%) COMPLETE
EPOCH 9 | 30/179 (16.8%) COMPLETE
EPOCH 9 | 40/179 (22.3%) COMPLETE
EPOCH 9 | 50/179 (27.9%) COMPLETE
EPOCH 9 | 60/179 (33.5%) COMPLETE
EPOCH 9 | 70/179 (39.1%) COMPLETE
EPOCH 9 | 80/179 (44.7%) COMPLETE
EPOCH 9 | 90/179 (50.3%) COMPLETE
EPOCH 9 | 100/179 (55.9%) COMPLETE
EPOCH 9 | 110/179 (61.5%) COMPLETE
EPOCH 9 | 120/179 (67.0%) COMPLETE
EPOCH 9 | 130/179 (72.6%) COMPLETE
EPOCH 9 | 140/179 (78.2%) COMPLETE
EPOCH 9 | 150/179 (83.8%) COMPLETE
EPOCH 9 | 160/179 (89.4%) COMPLETE
EPOCH 9 | 170/179 (95.0%) COMPLETE
EPOCH 9 | Average Loss: 0.2330
EPOCH 10 | 10/179 (5.6%) COMPLETE
EPOCH 10 | 20/179 (11.2%) COMPLETE
EPOCH 10 | 30/179 (16.8%) COMPLETE
EPOCH 10 | 40/179 (22.3%) COMPLETE
EPOCH 10 | 50/179 (27.9%) COMPLETE
EPOCH 10 | 60/179 (33.5%) COMPLETE
EPOCH 10 | 70/179 (39.1%) COMPLETE
EPOCH 10 | 80/179 (44.7%) COMPLETE
EPOCH 10 | 90/179 (50.3%) COMPLETE
EPOCH 10 | 100/179 (55.9%) COMPLETE
EPOCH 10 | 110/179 (61.5%) COMPLETE
EPOCH 10 | 120/179 (67.0%) COMPLETE
EPOCH 10 | 130/179 (72.6%) COMPLETE
EPOCH 10 | 140/179 (78.2%) COMPLETE
EPOCH 10 | 150/179 (83.8%) COMPLETE
EPOCH 10 | 160/179 (89.4%) COMPLETE
EPOCH 10 | 170/179 (95.0%) COMPLETE
EPOCH 10 | Average Loss: 0.1978
EPOCH 11 | 10/179 (5.6%) COMPLETE
EPOCH 11 | 20/179 (11.2%) COMPLETE
EPOCH 11 | 30/179 (16.8%) COMPLETE
EPOCH 11 | 40/179 (22.3%) COMPLETE
EPOCH 11 | 50/179 (27.9%) COMPLETE
EPOCH 11 | 60/179 (33.5%) COMPLETE
EPOCH 11 | 70/179 (39.1%) COMPLETE
EPOCH 11 | 80/179 (44.7%) COMPLETE
EPOCH 11 | 90/179 (50.3%) COMPLETE
EPOCH 11 | 100/179 (55.9%) COMPLETE
EPOCH 11 | 110/179 (61.5%) COMPLETE
EPOCH 11 | 120/179 (67.0%) COMPLETE
EPOCH 11 | 130/179 (72.6%) COMPLETE
EPOCH 11 | 140/179 (78.2%) COMPLETE
EPOCH 11 | 150/179 (83.8%) COMPLETE
EPOCH 11 | 160/179 (89.4%) COMPLETE
EPOCH 11 | 170/179 (95.0%) COMPLETE
EPOCH 11 | Average Loss: 0.1751
EPOCH 12 | 10/179 (5.6%) COMPLETE
EPOCH 12 | 20/179 (11.2%) COMPLETE
EPOCH 12 | 30/179 (16.8%) COMPLETE
EPOCH 12 | 40/179 (22.3%) COMPLETE
EPOCH 12 | 50/179 (27.9%) COMPLETE
EPOCH 12 | 60/179 (33.5%) COMPLETE
EPOCH 12 | 70/179 (39.1%) COMPLETE
EPOCH 12 | 80/179 (44.7%) COMPLETE
EPOCH 12 | 90/179 (50.3%) COMPLETE
EPOCH 12 | 100/179 (55.9%) COMPLETE
EPOCH 12 | 110/179 (61.5%) COMPLETE
EPOCH 12 | 120/179 (67.0%) COMPLETE
EPOCH 12 | 130/179 (72.6%) COMPLETE
EPOCH 12 | 140/179 (78.2%) COMPLETE
EPOCH 12 | 150/179 (83.8%) COMPLETE
EPOCH 12 | 160/179 (89.4%) COMPLETE
EPOCH 12 | 170/179 (95.0%) COMPLETE
EPOCH 12 | Average Loss: 0.1618
EPOCH 13 | 10/179 (5.6%) COMPLETE
EPOCH 13 | 20/179 (11.2%) COMPLETE
EPOCH 13 | 30/179 (16.8%) COMPLETE
EPOCH 13 | 40/179 (22.3%) COMPLETE
EPOCH 13 | 50/179 (27.9%) COMPLETE
EPOCH 13 | 60/179 (33.5%) COMPLETE
EPOCH 13 | 70/179 (39.1%) COMPLETE
EPOCH 13 | 80/179 (44.7%) COMPLETE
EPOCH 13 | 90/179 (50.3%) COMPLETE
EPOCH 13 | 100/179 (55.9%) COMPLETE
EPOCH 13 | 110/179 (61.5%) COMPLETE
EPOCH 13 | 120/179 (67.0%) COMPLETE
EPOCH 13 | 130/179 (72.6%) COMPLETE
EPOCH 13 | 140/179 (78.2%) COMPLETE
EPOCH 13 | 150/179 (83.8%) COMPLETE
EPOCH 13 | 160/179 (89.4%) COMPLETE
EPOCH 13 | 170/179 (95.0%) COMPLETE
EPOCH 13 | Average Loss: 0.1377
EPOCH 14 | 10/179 (5.6%) COMPLETE
EPOCH 14 | 20/179 (11.2%) COMPLETE
EPOCH 14 | 30/179 (16.8%) COMPLETE
EPOCH 14 | 40/179 (22.3%) COMPLETE
EPOCH 14 | 50/179 (27.9%) COMPLETE
EPOCH 14 | 60/179 (33.5%) COMPLETE
EPOCH 14 | 70/179 (39.1%) COMPLETE
EPOCH 14 | 80/179 (44.7%) COMPLETE
EPOCH 14 | 90/179 (50.3%) COMPLETE
EPOCH 14 | 100/179 (55.9%) COMPLETE
EPOCH 14 | 110/179 (61.5%) COMPLETE
EPOCH 14 | 120/179 (67.0%) COMPLETE
EPOCH 14 | 130/179 (72.6%) COMPLETE
EPOCH 14 | 140/179 (78.2%) COMPLETE
EPOCH 14 | 150/179 (83.8%) COMPLETE
EPOCH 14 | 160/179 (89.4%) COMPLETE
EPOCH 14 | 170/179 (95.0%) COMPLETE
EPOCH 14 | Average Loss: 0.1249
EPOCH 15 | 10/179 (5.6%) COMPLETE
EPOCH 15 | 20/179 (11.2%) COMPLETE
EPOCH 15 | 30/179 (16.8%) COMPLETE
EPOCH 15 | 40/179 (22.3%) COMPLETE
EPOCH 15 | 50/179 (27.9%) COMPLETE
EPOCH 15 | 60/179 (33.5%) COMPLETE
EPOCH 15 | 70/179 (39.1%) COMPLETE
EPOCH 15 | 80/179 (44.7%) COMPLETE
EPOCH 15 | 90/179 (50.3%) COMPLETE
EPOCH 15 | 100/179 (55.9%) COMPLETE
EPOCH 15 | 110/179 (61.5%) COMPLETE
EPOCH 15 | 120/179 (67.0%) COMPLETE
EPOCH 15 | 130/179 (72.6%) COMPLETE
EPOCH 15 | 140/179 (78.2%) COMPLETE
EPOCH 15 | 150/179 (83.8%) COMPLETE
EPOCH 15 | 160/179 (89.4%) COMPLETE
EPOCH 15 | 170/179 (95.0%) COMPLETE
EPOCH 15 | Average Loss: 0.1120
EPOCH 16 | 10/179 (5.6%) COMPLETE
EPOCH 16 | 20/179 (11.2%) COMPLETE
EPOCH 16 | 30/179 (16.8%) COMPLETE
EPOCH 16 | 40/179 (22.3%) COMPLETE
EPOCH 16 | 50/179 (27.9%) COMPLETE
EPOCH 16 | 60/179 (33.5%) COMPLETE
EPOCH 16 | 70/179 (39.1%) COMPLETE
EPOCH 16 | 80/179 (44.7%) COMPLETE
EPOCH 16 | 90/179 (50.3%) COMPLETE
EPOCH 16 | 100/179 (55.9%) COMPLETE
EPOCH 16 | 110/179 (61.5%) COMPLETE
EPOCH 16 | 120/179 (67.0%) COMPLETE
EPOCH 16 | 130/179 (72.6%) COMPLETE
EPOCH 16 | 140/179 (78.2%) COMPLETE
EPOCH 16 | 150/179 (83.8%) COMPLETE
EPOCH 16 | 160/179 (89.4%) COMPLETE
EPOCH 16 | 170/179 (95.0%) COMPLETE
EPOCH 16 | Average Loss: 0.1007
EPOCH 17 | 10/179 (5.6%) COMPLETE
EPOCH 17 | 20/179 (11.2%) COMPLETE
EPOCH 17 | 30/179 (16.8%) COMPLETE
EPOCH 17 | 40/179 (22.3%) COMPLETE
EPOCH 17 | 50/179 (27.9%) COMPLETE
EPOCH 17 | 60/179 (33.5%) COMPLETE
EPOCH 17 | 70/179 (39.1%) COMPLETE
EPOCH 17 | 80/179 (44.7%) COMPLETE
EPOCH 17 | 90/179 (50.3%) COMPLETE
EPOCH 17 | 100/179 (55.9%) COMPLETE
EPOCH 17 | 110/179 (61.5%) COMPLETE
EPOCH 17 | 120/179 (67.0%) COMPLETE
EPOCH 17 | 130/179 (72.6%) COMPLETE
EPOCH 17 | 140/179 (78.2%) COMPLETE
EPOCH 17 | 150/179 (83.8%) COMPLETE
EPOCH 17 | 160/179 (89.4%) COMPLETE
EPOCH 17 | 170/179 (95.0%) COMPLETE
EPOCH 17 | Average Loss: 0.1011
EPOCH 18 | 10/179 (5.6%) COMPLETE
EPOCH 18 | 20/179 (11.2%) COMPLETE
EPOCH 18 | 30/179 (16.8%) COMPLETE
EPOCH 18 | 40/179 (22.3%) COMPLETE
EPOCH 18 | 50/179 (27.9%) COMPLETE
EPOCH 18 | 60/179 (33.5%) COMPLETE
EPOCH 18 | 70/179 (39.1%) COMPLETE
EPOCH 18 | 80/179 (44.7%) COMPLETE
EPOCH 18 | 90/179 (50.3%) COMPLETE
EPOCH 18 | 100/179 (55.9%) COMPLETE
EPOCH 18 | 110/179 (61.5%) COMPLETE
EPOCH 18 | 120/179 (67.0%) COMPLETE
EPOCH 18 | 130/179 (72.6%) COMPLETE
EPOCH 18 | 140/179 (78.2%) COMPLETE
EPOCH 18 | 150/179 (83.8%) COMPLETE
EPOCH 18 | 160/179 (89.4%) COMPLETE
EPOCH 18 | 170/179 (95.0%) COMPLETE
EPOCH 18 | Average Loss: 0.0857
EPOCH 19 | 10/179 (5.6%) COMPLETE
EPOCH 19 | 20/179 (11.2%) COMPLETE
EPOCH 19 | 30/179 (16.8%) COMPLETE
EPOCH 19 | 40/179 (22.3%) COMPLETE
EPOCH 19 | 50/179 (27.9%) COMPLETE
EPOCH 19 | 60/179 (33.5%) COMPLETE
EPOCH 19 | 70/179 (39.1%) COMPLETE
EPOCH 19 | 80/179 (44.7%) COMPLETE
EPOCH 19 | 90/179 (50.3%) COMPLETE
EPOCH 19 | 100/179 (55.9%) COMPLETE
EPOCH 19 | 110/179 (61.5%) COMPLETE
EPOCH 19 | 120/179 (67.0%) COMPLETE
EPOCH 19 | 130/179 (72.6%) COMPLETE
EPOCH 19 | 140/179 (78.2%) COMPLETE
EPOCH 19 | 150/179 (83.8%) COMPLETE
EPOCH 19 | 160/179 (89.4%) COMPLETE
EPOCH 19 | 170/179 (95.0%) COMPLETE
EPOCH 19 | Average Loss: 0.0815
