==========================================
SLURM_JOB_ID = 967751
SLURM_JOB_NODELIST = b01-06
TMPDIR = /tmp/SLURM_967751
==========================================
Hello! We start experiment for 2D Image Segmentation!
You are using "cuda" device.
STEP1. Load BUSI Test Dataset Loader...
STEP2. Load MADGNet ...
Complete loading your pretrained backbone resnest50
INFERENCE
Your model is loaded from model_weights/BUSIBUSUCLM/model_weights/model_weight(EPOCH 100).pth.tar.
.pth.tar keys() =  dict_keys(['model_state_dict', 'optimizer_state_dict', 'current_epoch']).
EPOCH 100 | 10/162(6.0%) COMPLETE
EPOCH 100 | 20/162(12.0%) COMPLETE
EPOCH 100 | 30/162(19.0%) COMPLETE
EPOCH 100 | 40/162(25.0%) COMPLETE
EPOCH 100 | 50/162(31.0%) COMPLETE
EPOCH 100 | 60/162(37.0%) COMPLETE
EPOCH 100 | 70/162(43.0%) COMPLETE
EPOCH 100 | 80/162(49.0%) COMPLETE
EPOCH 100 | 90/162(56.0%) COMPLETE
EPOCH 100 | 100/162(62.0%) COMPLETE
EPOCH 100 | 110/162(68.0%) COMPLETE
EPOCH 100 | 120/162(74.0%) COMPLETE
EPOCH 100 | 130/162(80.0%) COMPLETE
EPOCH 100 | 140/162(86.0%) COMPLETE
EPOCH 100 | 150/162(93.0%) COMPLETE
EPOCH 100 | 160/162(99.0%) COMPLETE
Save MADGNet Test Results...
###################### TEST REPORT ######################
Mean DSC    :	 0.7937
Mean IoU    :	 0.7112
Mean WeightedF-Measure    :	 0.7804
Mean S-Measure    :	 0.8235
Mean E-Measure    :	 0.904
Mean MAE    :	 0.0389
###################### TEST REPORT ######################

test results txt file is saved at model_weights/BUSIBUSUCLM/test_reports/Generalizability test_reports(BUSIBUSUCLM->BUSI).txt
Hello! We start experiment for 2D Image Segmentation!
You are using "cuda" device.
STEP1. Load BUS-UCLM Test Dataset Loader...
STEP2. Load MADGNet ...
Complete loading your pretrained backbone resnest50
INFERENCE
Your model is loaded from model_weights/BUSIBUSUCLM/model_weights/model_weight(EPOCH 100).pth.tar.
.pth.tar keys() =  dict_keys(['model_state_dict', 'optimizer_state_dict', 'current_epoch']).
EPOCH 100 | 10/60(17.0%) COMPLETE
EPOCH 100 | 20/60(33.0%) COMPLETE
EPOCH 100 | 30/60(50.0%) COMPLETE
EPOCH 100 | 40/60(67.0%) COMPLETE
EPOCH 100 | 50/60(83.0%) COMPLETE
EPOCH 100 | 60/60(100.0%) COMPLETE
Save MADGNet Test Results...
###################### TEST REPORT ######################
Mean DSC    :	 0.7867
Mean IoU    :	 0.7377
Mean WeightedF-Measure    :	 0.4421
Mean S-Measure    :	 0.8755
Mean E-Measure    :	 0.5485
Mean MAE    :	 0.0242
###################### TEST REPORT ######################

test results txt file is saved at model_weights/BUSIBUSUCLM/test_reports/Generalizability test_reports(BUSIBUSUCLM->BUS-UCLM).txt
