==========================================
SLURM_JOB_ID = 871539
SLURM_JOB_NODELIST = e21-04
TMPDIR = /tmp/SLURM_871539
==========================================
Hello! We start experiment for 2D Image Segmentation!
You are using "cuda" device.
STEP1. Load BUSI Test Dataset Loader...
STEP2. Load MADGNet ...
Complete loading your pretrained backbone resnest50
TRAINING
STEP1. Load BUS-UCLM Train Dataset Loader...
target 4, output 4
target torch.cuda.FloatTensor, output torch.cuda.FloatTensor
target 4, output 4
target torch.cuda.FloatTensor, output torch.cuda.FloatTensor
target 4, output 4
target torch.cuda.FloatTensor, output torch.cuda.FloatTensor
target 4, output 4
target torch.cuda.FloatTensor, output torch.cuda.FloatTensor
target 4, output 4
target torch.cuda.FloatTensor, output torch.cuda.FloatTensor
target 4, output 4
target torch.cuda.FloatTensor, output torch.cuda.FloatTensor
target 4, output 4
target torch.cuda.FloatTensor, output torch.cuda.FloatTensor
target 4, output 4
target torch.cuda.FloatTensor, output torch.cuda.FloatTensor
target 4, output 4
target torch.cuda.FloatTensor, output torch.cuda.FloatTensor
target 4, output 4
target torch.cuda.FloatTensor, output torch.cuda.FloatTensor
EPOCH 1 | 10/46 (21.7%) COMPLETE
target 4, output 4
target torch.cuda.FloatTensor, output torch.cuda.FloatTensor
target 4, output 4
target torch.cuda.FloatTensor, output torch.cuda.FloatTensor
target 4, output 4
target torch.cuda.FloatTensor, output torch.cuda.FloatTensor
target 4, output 4
target torch.cuda.FloatTensor, output torch.cuda.FloatTensor
target 4, output 4
target torch.cuda.FloatTensor, output torch.cuda.FloatTensor
target 4, output 4
target torch.cuda.FloatTensor, output torch.cuda.FloatTensor
target 4, output 4
target torch.cuda.FloatTensor, output torch.cuda.FloatTensor
target 4, output 4
target torch.cuda.FloatTensor, output torch.cuda.FloatTensor
target 4, output 4
target torch.cuda.FloatTensor, output torch.cuda.FloatTensor
target 4, output 4
target torch.cuda.FloatTensor, output torch.cuda.FloatTensor
EPOCH 1 | 20/46 (43.5%) COMPLETE
target 4, output 4
target torch.cuda.FloatTensor, output torch.cuda.FloatTensor
target 4, output 4
target torch.cuda.FloatTensor, output torch.cuda.FloatTensor
target 4, output 4
target torch.cuda.FloatTensor, output torch.cuda.FloatTensor
target 4, output 4
target torch.cuda.FloatTensor, output torch.cuda.FloatTensor
target 4, output 4
target torch.cuda.FloatTensor, output torch.cuda.FloatTensor
target 4, output 4
target torch.cuda.FloatTensor, output torch.cuda.FloatTensor
target 4, output 4
target torch.cuda.FloatTensor, output torch.cuda.FloatTensor
target 4, output 4
target torch.cuda.FloatTensor, output torch.cuda.FloatTensor
target 4, output 4
target torch.cuda.FloatTensor, output torch.cuda.FloatTensor
target 4, output 4
target torch.cuda.FloatTensor, output torch.cuda.FloatTensor
EPOCH 1 | 30/46 (65.2%) COMPLETE
target 4, output 4
target torch.cuda.FloatTensor, output torch.cuda.FloatTensor
target 4, output 4
target torch.cuda.FloatTensor, output torch.cuda.FloatTensor
target 4, output 4
target torch.cuda.FloatTensor, output torch.cuda.FloatTensor
target 4, output 4
target torch.cuda.FloatTensor, output torch.cuda.FloatTensor
target 4, output 4
target torch.cuda.FloatTensor, output torch.cuda.FloatTensor
target 4, output 4
target torch.cuda.FloatTensor, output torch.cuda.FloatTensor
target 4, output 4
target torch.cuda.FloatTensor, output torch.cuda.FloatTensor
target 4, output 4
target torch.cuda.FloatTensor, output torch.cuda.FloatTensor
target 4, output 4
target torch.cuda.FloatTensor, output torch.cuda.FloatTensor
target 4, output 4
target torch.cuda.FloatTensor, output torch.cuda.FloatTensor
EPOCH 1 | 40/46 (87.0%) COMPLETE
target 4, output 4
target torch.cuda.FloatTensor, output torch.cuda.FloatTensor
target 4, output 4
target torch.cuda.FloatTensor, output torch.cuda.FloatTensor
target 4, output 4
target torch.cuda.FloatTensor, output torch.cuda.FloatTensor
target 4, output 4
target torch.cuda.FloatTensor, output torch.cuda.FloatTensor
target 4, output 4
target torch.cuda.FloatTensor, output torch.cuda.FloatTensor
target 4, output 4
target torch.cuda.FloatTensor, output torch.cuda.FloatTensor
EPOCH 1 | Average Loss: 0.5683
target 4, output 4
target torch.cuda.FloatTensor, output torch.cuda.FloatTensor
target 4, output 4
target torch.cuda.FloatTensor, output torch.cuda.FloatTensor
target 4, output 4
target torch.cuda.FloatTensor, output torch.cuda.FloatTensor
target 4, output 4
target torch.cuda.FloatTensor, output torch.cuda.FloatTensor
target 4, output 4
target torch.cuda.FloatTensor, output torch.cuda.FloatTensor
target 4, output 4
target torch.cuda.FloatTensor, output torch.cuda.FloatTensor
target 4, output 4
target torch.cuda.FloatTensor, output torch.cuda.FloatTensor
target 4, output 4
target torch.cuda.FloatTensor, output torch.cuda.FloatTensor
target 4, output 4
target torch.cuda.FloatTensor, output torch.cuda.FloatTensor
target 4, output 4
target torch.cuda.FloatTensor, output torch.cuda.FloatTensor
EPOCH 2 | 10/46 (21.7%) COMPLETE
target 4, output 4
target torch.cuda.FloatTensor, output torch.cuda.FloatTensor
target 4, output 4
target torch.cuda.FloatTensor, output torch.cuda.FloatTensor
target 4, output 4
target torch.cuda.FloatTensor, output torch.cuda.FloatTensor
target 4, output 4
target torch.cuda.FloatTensor, output torch.cuda.FloatTensor
target 4, output 4
target torch.cuda.FloatTensor, output torch.cuda.FloatTensor
target 4, output 4
target torch.cuda.FloatTensor, output torch.cuda.FloatTensor
target 4, output 4
target torch.cuda.FloatTensor, output torch.cuda.FloatTensor
target 4, output 4
target torch.cuda.FloatTensor, output torch.cuda.FloatTensor
target 4, output 4
target torch.cuda.FloatTensor, output torch.cuda.FloatTensor
target 4, output 4
target torch.cuda.FloatTensor, output torch.cuda.FloatTensor
EPOCH 2 | 20/46 (43.5%) COMPLETE
target 4, output 4
target torch.cuda.FloatTensor, output torch.cuda.FloatTensor
target 4, output 4
target torch.cuda.FloatTensor, output torch.cuda.FloatTensor
target 4, output 4
target torch.cuda.FloatTensor, output torch.cuda.FloatTensor
target 4, output 4
target torch.cuda.FloatTensor, output torch.cuda.FloatTensor
target 4, output 4
target torch.cuda.FloatTensor, output torch.cuda.FloatTensor
target 4, output 4
target torch.cuda.FloatTensor, output torch.cuda.FloatTensor
target 4, output 4
target torch.cuda.FloatTensor, output torch.cuda.FloatTensor
target 4, output 4
target torch.cuda.FloatTensor, output torch.cuda.FloatTensor
target 4, output 4
target torch.cuda.FloatTensor, output torch.cuda.FloatTensor
target 4, output 4
target torch.cuda.FloatTensor, output torch.cuda.FloatTensor
EPOCH 2 | 30/46 (65.2%) COMPLETE
target 4, output 4
target torch.cuda.FloatTensor, output torch.cuda.FloatTensor
target 4, output 4
target torch.cuda.FloatTensor, output torch.cuda.FloatTensor
target 4, output 4
target torch.cuda.FloatTensor, output torch.cuda.FloatTensor
target 4, output 4
target torch.cuda.FloatTensor, output torch.cuda.FloatTensor
target 4, output 4
target torch.cuda.FloatTensor, output torch.cuda.FloatTensor
target 4, output 4
target torch.cuda.FloatTensor, output torch.cuda.FloatTensor
target 4, output 4
target torch.cuda.FloatTensor, output torch.cuda.FloatTensor
target 4, output 4
target torch.cuda.FloatTensor, output torch.cuda.FloatTensor
target 4, output 4
target torch.cuda.FloatTensor, output torch.cuda.FloatTensor
target 4, output 4
target torch.cuda.FloatTensor, output torch.cuda.FloatTensor
EPOCH 2 | 40/46 (87.0%) COMPLETE
target 4, output 4
target torch.cuda.FloatTensor, output torch.cuda.FloatTensor
target 4, output 4
target torch.cuda.FloatTensor, output torch.cuda.FloatTensor
target 4, output 4
target torch.cuda.FloatTensor, output torch.cuda.FloatTensor
target 4, output 4
target torch.cuda.FloatTensor, output torch.cuda.FloatTensor
target 4, output 4
target torch.cuda.FloatTensor, output torch.cuda.FloatTensor
target 4, output 4
target torch.cuda.FloatTensor, output torch.cuda.FloatTensor
EPOCH 2 | Average Loss: 0.3019
target 4, output 4
target torch.cuda.FloatTensor, output torch.cuda.FloatTensor
target 4, output 4
target torch.cuda.FloatTensor, output torch.cuda.FloatTensor
target 4, output 4
target torch.cuda.FloatTensor, output torch.cuda.FloatTensor
target 4, output 4
target torch.cuda.FloatTensor, output torch.cuda.FloatTensor
target 4, output 4
target torch.cuda.FloatTensor, output torch.cuda.FloatTensor
target 4, output 4
target torch.cuda.FloatTensor, output torch.cuda.FloatTensor
target 4, output 4
target torch.cuda.FloatTensor, output torch.cuda.FloatTensor
target 4, output 4
target torch.cuda.FloatTensor, output torch.cuda.FloatTensor
target 4, output 4
target torch.cuda.FloatTensor, output torch.cuda.FloatTensor
target 4, output 4
target torch.cuda.FloatTensor, output torch.cuda.FloatTensor
EPOCH 3 | 10/46 (21.7%) COMPLETE
target 4, output 4
target torch.cuda.FloatTensor, output torch.cuda.FloatTensor
target 4, output 4
target torch.cuda.FloatTensor, output torch.cuda.FloatTensor
target 4, output 4
target torch.cuda.FloatTensor, output torch.cuda.FloatTensor
target 4, output 4
target torch.cuda.FloatTensor, output torch.cuda.FloatTensor
target 4, output 4
target torch.cuda.FloatTensor, output torch.cuda.FloatTensor
target 4, output 4
target torch.cuda.FloatTensor, output torch.cuda.FloatTensor
target 4, output 4
target torch.cuda.FloatTensor, output torch.cuda.FloatTensor
target 4, output 4
target torch.cuda.FloatTensor, output torch.cuda.FloatTensor
target 4, output 4
target torch.cuda.FloatTensor, output torch.cuda.FloatTensor
target 4, output 4
target torch.cuda.FloatTensor, output torch.cuda.FloatTensor
EPOCH 3 | 20/46 (43.5%) COMPLETE
target 4, output 4
target torch.cuda.FloatTensor, output torch.cuda.FloatTensor
target 4, output 4
target torch.cuda.FloatTensor, output torch.cuda.FloatTensor
target 4, output 4
target torch.cuda.FloatTensor, output torch.cuda.FloatTensor
target 4, output 4
target torch.cuda.FloatTensor, output torch.cuda.FloatTensor
target 4, output 4
target torch.cuda.FloatTensor, output torch.cuda.FloatTensor
target 4, output 4
target torch.cuda.FloatTensor, output torch.cuda.FloatTensor
target 4, output 4
target torch.cuda.FloatTensor, output torch.cuda.FloatTensor
target 4, output 4
target torch.cuda.FloatTensor, output torch.cuda.FloatTensor
target 4, output 4
target torch.cuda.FloatTensor, output torch.cuda.FloatTensor
target 4, output 4
target torch.cuda.FloatTensor, output torch.cuda.FloatTensor
EPOCH 3 | 30/46 (65.2%) COMPLETE
target 4, output 4
target torch.cuda.FloatTensor, output torch.cuda.FloatTensor
target 4, output 4
target torch.cuda.FloatTensor, output torch.cuda.FloatTensor
target 4, output 4
target torch.cuda.FloatTensor, output torch.cuda.FloatTensor
target 4, output 4
target torch.cuda.FloatTensor, output torch.cuda.FloatTensor
target 4, output 4
target torch.cuda.FloatTensor, output torch.cuda.FloatTensor
target 4, output 4
target torch.cuda.FloatTensor, output torch.cuda.FloatTensor
target 4, output 4
target torch.cuda.FloatTensor, output torch.cuda.FloatTensor
target 4, output 4
target torch.cuda.FloatTensor, output torch.cuda.FloatTensor
target 4, output 4
target torch.cuda.FloatTensor, output torch.cuda.FloatTensor
target 4, output 4
target torch.cuda.FloatTensor, output torch.cuda.FloatTensor
EPOCH 3 | 40/46 (87.0%) COMPLETE
target 4, output 4
target torch.cuda.FloatTensor, output torch.cuda.FloatTensor
target 4, output 4
target torch.cuda.FloatTensor, output torch.cuda.FloatTensor
target 4, output 4
target torch.cuda.FloatTensor, output torch.cuda.FloatTensor
target 4, output 4
target torch.cuda.FloatTensor, output torch.cuda.FloatTensor
target 4, output 4
target torch.cuda.FloatTensor, output torch.cuda.FloatTensor
target 4, output 4
target torch.cuda.FloatTensor, output torch.cuda.FloatTensor
EPOCH 3 | Average Loss: 0.2299
target 4, output 4
target torch.cuda.FloatTensor, output torch.cuda.FloatTensor
target 4, output 4
target torch.cuda.FloatTensor, output torch.cuda.FloatTensor
target 4, output 4
target torch.cuda.FloatTensor, output torch.cuda.FloatTensor
target 4, output 4
target torch.cuda.FloatTensor, output torch.cuda.FloatTensor
target 4, output 4
target torch.cuda.FloatTensor, output torch.cuda.FloatTensor
target 4, output 4
target torch.cuda.FloatTensor, output torch.cuda.FloatTensor
target 4, output 4
target torch.cuda.FloatTensor, output torch.cuda.FloatTensor
target 4, output 4
target torch.cuda.FloatTensor, output torch.cuda.FloatTensor
target 4, output 4
target torch.cuda.FloatTensor, output torch.cuda.FloatTensor
target 4, output 4
target torch.cuda.FloatTensor, output torch.cuda.FloatTensor
EPOCH 4 | 10/46 (21.7%) COMPLETE
target 4, output 4
target torch.cuda.FloatTensor, output torch.cuda.FloatTensor
target 4, output 4
target torch.cuda.FloatTensor, output torch.cuda.FloatTensor
target 4, output 4
target torch.cuda.FloatTensor, output torch.cuda.FloatTensor
target 4, output 4
target torch.cuda.FloatTensor, output torch.cuda.FloatTensor
target 4, output 4
target torch.cuda.FloatTensor, output torch.cuda.FloatTensor
target 4, output 4
target torch.cuda.FloatTensor, output torch.cuda.FloatTensor
target 4, output 4
target torch.cuda.FloatTensor, output torch.cuda.FloatTensor
target 4, output 4
target torch.cuda.FloatTensor, output torch.cuda.FloatTensor
target 4, output 4
target torch.cuda.FloatTensor, output torch.cuda.FloatTensor
target 4, output 4
target torch.cuda.FloatTensor, output torch.cuda.FloatTensor
EPOCH 4 | 20/46 (43.5%) COMPLETE
target 4, output 4
target torch.cuda.FloatTensor, output torch.cuda.FloatTensor
target 4, output 4
target torch.cuda.FloatTensor, output torch.cuda.FloatTensor
target 4, output 4
target torch.cuda.FloatTensor, output torch.cuda.FloatTensor
target 4, output 4
target torch.cuda.FloatTensor, output torch.cuda.FloatTensor
target 4, output 4
target torch.cuda.FloatTensor, output torch.cuda.FloatTensor
target 4, output 4
target torch.cuda.FloatTensor, output torch.cuda.FloatTensor
target 4, output 4
target torch.cuda.FloatTensor, output torch.cuda.FloatTensor
target 4, output 4
target torch.cuda.FloatTensor, output torch.cuda.FloatTensor
target 4, output 4
target torch.cuda.FloatTensor, output torch.cuda.FloatTensor
target 4, output 4
target torch.cuda.FloatTensor, output torch.cuda.FloatTensor
EPOCH 4 | 30/46 (65.2%) COMPLETE
target 4, output 4
target torch.cuda.FloatTensor, output torch.cuda.FloatTensor
target 4, output 4
target torch.cuda.FloatTensor, output torch.cuda.FloatTensor
target 4, output 4
target torch.cuda.FloatTensor, output torch.cuda.FloatTensor
target 4, output 4
target torch.cuda.FloatTensor, output torch.cuda.FloatTensor
target 4, output 4
target torch.cuda.FloatTensor, output torch.cuda.FloatTensor
target 4, output 4
target torch.cuda.FloatTensor, output torch.cuda.FloatTensor
target 4, output 4
target torch.cuda.FloatTensor, output torch.cuda.FloatTensor
target 4, output 4
target torch.cuda.FloatTensor, output torch.cuda.FloatTensor
target 4, output 4
target torch.cuda.FloatTensor, output torch.cuda.FloatTensor
target 4, output 4
target torch.cuda.FloatTensor, output torch.cuda.FloatTensor
EPOCH 4 | 40/46 (87.0%) COMPLETE
target 4, output 4
target torch.cuda.FloatTensor, output torch.cuda.FloatTensor
target 4, output 4
target torch.cuda.FloatTensor, output torch.cuda.FloatTensor
target 4, output 4
target torch.cuda.FloatTensor, output torch.cuda.FloatTensor
target 4, output 4
target torch.cuda.FloatTensor, output torch.cuda.FloatTensor
target 4, output 4
target torch.cuda.FloatTensor, output torch.cuda.FloatTensor
target 4, output 4
target torch.cuda.FloatTensor, output torch.cuda.FloatTensor
EPOCH 4 | Average Loss: 0.1776
target 4, output 4
target torch.cuda.FloatTensor, output torch.cuda.FloatTensor
target 4, output 4
target torch.cuda.FloatTensor, output torch.cuda.FloatTensor
target 4, output 4
target torch.cuda.FloatTensor, output torch.cuda.FloatTensor
target 4, output 4
target torch.cuda.FloatTensor, output torch.cuda.FloatTensor
target 4, output 4
target torch.cuda.FloatTensor, output torch.cuda.FloatTensor
target 4, output 4
target torch.cuda.FloatTensor, output torch.cuda.FloatTensor
target 4, output 4
target torch.cuda.FloatTensor, output torch.cuda.FloatTensor
target 4, output 4
target torch.cuda.FloatTensor, output torch.cuda.FloatTensor
target 4, output 4
target torch.cuda.FloatTensor, output torch.cuda.FloatTensor
target 4, output 4
target torch.cuda.FloatTensor, output torch.cuda.FloatTensor
EPOCH 5 | 10/46 (21.7%) COMPLETE
target 4, output 4
target torch.cuda.FloatTensor, output torch.cuda.FloatTensor
target 4, output 4
target torch.cuda.FloatTensor, output torch.cuda.FloatTensor
target 4, output 4
target torch.cuda.FloatTensor, output torch.cuda.FloatTensor
target 4, output 4
target torch.cuda.FloatTensor, output torch.cuda.FloatTensor
target 4, output 4
target torch.cuda.FloatTensor, output torch.cuda.FloatTensor
target 4, output 4
target torch.cuda.FloatTensor, output torch.cuda.FloatTensor
target 4, output 4
target torch.cuda.FloatTensor, output torch.cuda.FloatTensor
target 4, output 4
target torch.cuda.FloatTensor, output torch.cuda.FloatTensor
target 4, output 4
target torch.cuda.FloatTensor, output torch.cuda.FloatTensor
target 4, output 4
target torch.cuda.FloatTensor, output torch.cuda.FloatTensor
EPOCH 5 | 20/46 (43.5%) COMPLETE
target 4, output 4
target torch.cuda.FloatTensor, output torch.cuda.FloatTensor
target 4, output 4
target torch.cuda.FloatTensor, output torch.cuda.FloatTensor
target 4, output 4
target torch.cuda.FloatTensor, output torch.cuda.FloatTensor
target 4, output 4
target torch.cuda.FloatTensor, output torch.cuda.FloatTensor
target 4, output 4
target torch.cuda.FloatTensor, output torch.cuda.FloatTensor
target 4, output 4
target torch.cuda.FloatTensor, output torch.cuda.FloatTensor
target 4, output 4
target torch.cuda.FloatTensor, output torch.cuda.FloatTensor
target 4, output 4
target torch.cuda.FloatTensor, output torch.cuda.FloatTensor
target 4, output 4
target torch.cuda.FloatTensor, output torch.cuda.FloatTensor
target 4, output 4
target torch.cuda.FloatTensor, output torch.cuda.FloatTensor
EPOCH 5 | 30/46 (65.2%) COMPLETE
target 4, output 4
target torch.cuda.FloatTensor, output torch.cuda.FloatTensor
target 4, output 4
target torch.cuda.FloatTensor, output torch.cuda.FloatTensor
target 4, output 4
target torch.cuda.FloatTensor, output torch.cuda.FloatTensor
target 4, output 4
target torch.cuda.FloatTensor, output torch.cuda.FloatTensor
target 4, output 4
target torch.cuda.FloatTensor, output torch.cuda.FloatTensor
target 4, output 4
target torch.cuda.FloatTensor, output torch.cuda.FloatTensor
target 4, output 4
target torch.cuda.FloatTensor, output torch.cuda.FloatTensor
target 4, output 4
target torch.cuda.FloatTensor, output torch.cuda.FloatTensor
target 4, output 4
target torch.cuda.FloatTensor, output torch.cuda.FloatTensor
target 4, output 4
target torch.cuda.FloatTensor, output torch.cuda.FloatTensor
EPOCH 5 | 40/46 (87.0%) COMPLETE
target 4, output 4
target torch.cuda.FloatTensor, output torch.cuda.FloatTensor
target 4, output 4
target torch.cuda.FloatTensor, output torch.cuda.FloatTensor
target 4, output 4
target torch.cuda.FloatTensor, output torch.cuda.FloatTensor
target 4, output 4
target torch.cuda.FloatTensor, output torch.cuda.FloatTensor
target 4, output 4
target torch.cuda.FloatTensor, output torch.cuda.FloatTensor
target 4, output 4
target torch.cuda.FloatTensor, output torch.cuda.FloatTensor
EPOCH 5 | Average Loss: 0.1539
target 4, output 4
target torch.cuda.FloatTensor, output torch.cuda.FloatTensor
target 4, output 4
target torch.cuda.FloatTensor, output torch.cuda.FloatTensor
target 4, output 4
target torch.cuda.FloatTensor, output torch.cuda.FloatTensor
target 4, output 4
target torch.cuda.FloatTensor, output torch.cuda.FloatTensor
target 4, output 4
target torch.cuda.FloatTensor, output torch.cuda.FloatTensor
target 4, output 4
target torch.cuda.FloatTensor, output torch.cuda.FloatTensor
target 4, output 4
target torch.cuda.FloatTensor, output torch.cuda.FloatTensor
target 4, output 4
target torch.cuda.FloatTensor, output torch.cuda.FloatTensor
target 4, output 4
target torch.cuda.FloatTensor, output torch.cuda.FloatTensor
target 4, output 4
target torch.cuda.FloatTensor, output torch.cuda.FloatTensor
EPOCH 6 | 10/46 (21.7%) COMPLETE
target 4, output 4
target torch.cuda.FloatTensor, output torch.cuda.FloatTensor
target 4, output 4
target torch.cuda.FloatTensor, output torch.cuda.FloatTensor
target 4, output 4
target torch.cuda.FloatTensor, output torch.cuda.FloatTensor
target 4, output 4
target torch.cuda.FloatTensor, output torch.cuda.FloatTensor
target 4, output 4
target torch.cuda.FloatTensor, output torch.cuda.FloatTensor
target 4, output 4
target torch.cuda.FloatTensor, output torch.cuda.FloatTensor
target 4, output 4
target torch.cuda.FloatTensor, output torch.cuda.FloatTensor
target 4, output 4
target torch.cuda.FloatTensor, output torch.cuda.FloatTensor
target 4, output 4
target torch.cuda.FloatTensor, output torch.cuda.FloatTensor
target 4, output 4
target torch.cuda.FloatTensor, output torch.cuda.FloatTensor
EPOCH 6 | 20/46 (43.5%) COMPLETE
target 4, output 4
target torch.cuda.FloatTensor, output torch.cuda.FloatTensor
target 4, output 4
target torch.cuda.FloatTensor, output torch.cuda.FloatTensor
target 4, output 4
target torch.cuda.FloatTensor, output torch.cuda.FloatTensor
target 4, output 4
target torch.cuda.FloatTensor, output torch.cuda.FloatTensor
target 4, output 4
target torch.cuda.FloatTensor, output torch.cuda.FloatTensor
target 4, output 4
target torch.cuda.FloatTensor, output torch.cuda.FloatTensor
target 4, output 4
target torch.cuda.FloatTensor, output torch.cuda.FloatTensor
target 4, output 4
target torch.cuda.FloatTensor, output torch.cuda.FloatTensor
target 4, output 4
target torch.cuda.FloatTensor, output torch.cuda.FloatTensor
target 4, output 4
target torch.cuda.FloatTensor, output torch.cuda.FloatTensor
EPOCH 6 | 30/46 (65.2%) COMPLETE
target 4, output 4
target torch.cuda.FloatTensor, output torch.cuda.FloatTensor
target 4, output 4
target torch.cuda.FloatTensor, output torch.cuda.FloatTensor
target 4, output 4
target torch.cuda.FloatTensor, output torch.cuda.FloatTensor
target 4, output 4
target torch.cuda.FloatTensor, output torch.cuda.FloatTensor
target 4, output 4
target torch.cuda.FloatTensor, output torch.cuda.FloatTensor
target 4, output 4
target torch.cuda.FloatTensor, output torch.cuda.FloatTensor
target 4, output 4
target torch.cuda.FloatTensor, output torch.cuda.FloatTensor
target 4, output 4
target torch.cuda.FloatTensor, output torch.cuda.FloatTensor
target 4, output 4
target torch.cuda.FloatTensor, output torch.cuda.FloatTensor
target 4, output 4
target torch.cuda.FloatTensor, output torch.cuda.FloatTensor
EPOCH 6 | 40/46 (87.0%) COMPLETE
target 4, output 4
target torch.cuda.FloatTensor, output torch.cuda.FloatTensor
target 4, output 4
target torch.cuda.FloatTensor, output torch.cuda.FloatTensor
target 4, output 4
target torch.cuda.FloatTensor, output torch.cuda.FloatTensor
target 4, output 4
target torch.cuda.FloatTensor, output torch.cuda.FloatTensor
target 4, output 4
target torch.cuda.FloatTensor, output torch.cuda.FloatTensor
target 4, output 4
target torch.cuda.FloatTensor, output torch.cuda.FloatTensor
EPOCH 6 | Average Loss: 0.1237
slurmstepd: error: *** JOB 871539 ON e21-04 CANCELLED AT 2025-06-16T10:13:38 ***
