==========================================
SLURM_JOB_ID = 1181850
SLURM_JOB_NODELIST = d11-02
TMPDIR = /tmp/SLURM_1181850
==========================================
Device: cuda
Loading dataset from: dataset/BioMedicalDataset/BUSI
  Added benign: benign (1).png
  Added benign: benign (10).png
  Added benign: benign (100).png
  Added benign: benign (101).png
  Added benign: benign (102).png
  Added benign: benign (103).png
  Added benign: benign (104).png
  Added benign: benign (105).png
  Added benign: benign (106).png
  Added benign: benign (107).png
  Added benign: benign (108).png
  Added benign: benign (109).png
  Added benign: benign (11).png
  Added benign: benign (110).png
  Added benign: benign (111).png
  Added benign: benign (112).png
  Added benign: benign (113).png
  Added benign: benign (114).png
  Added benign: benign (115).png
  Added benign: benign (116).png
  Added benign: benign (117).png
  Added benign: benign (118).png
  Added benign: benign (119).png
  Added benign: benign (12).png
  Added benign: benign (120).png
  Added benign: benign (121).png
  Added benign: benign (122).png
  Added benign: benign (123).png
  Added benign: benign (124).png
  Added benign: benign (125).png
  Added benign: benign (126).png
  Added benign: benign (127).png
  Added benign: benign (128).png
  Added benign: benign (129).png
  Added benign: benign (13).png
  Added benign: benign (130).png
  Added benign: benign (131).png
  Added benign: benign (132).png
  Added benign: benign (133).png
  Added benign: benign (134).png
  Added benign: benign (135).png
  Added benign: benign (136).png
  Added benign: benign (137).png
  Added benign: benign (138).png
  Added benign: benign (139).png
  Added benign: benign (14).png
  Added benign: benign (140).png
  Added benign: benign (141).png
  Added benign: benign (142).png
  Added benign: benign (143).png
  Added benign: benign (144).png
  Added benign: benign (145).png
  Added benign: benign (146).png
  Added benign: benign (147).png
  Added benign: benign (148).png
  Added benign: benign (149).png
  Added benign: benign (15).png
  Added benign: benign (150).png
  Added benign: benign (151).png
  Added benign: benign (152).png
  Added benign: benign (153).png
  Added benign: benign (154).png
  Added benign: benign (155).png
  Added benign: benign (156).png
  Added benign: benign (157).png
  Added benign: benign (158).png
  Added benign: benign (159).png
  Added benign: benign (16).png
  Added benign: benign (160).png
  Added benign: benign (161).png
  Added benign: benign (162).png
  Added benign: benign (163).png
  Added benign: benign (164).png
  Added benign: benign (165).png
  Added benign: benign (166).png
  Added benign: benign (167).png
  Added benign: benign (168).png
  Added benign: benign (169).png
  Added benign: benign (17).png
  Added benign: benign (170).png
  Added benign: benign (171).png
  Added benign: benign (172).png
  Added benign: benign (173).png
  Added benign: benign (174).png
  Added benign: benign (175).png
  Added benign: benign (176).png
  Added benign: benign (177).png
  Added benign: benign (178).png
  Added benign: benign (179).png
  Added benign: benign (18).png
  Added benign: benign (180).png
  Added benign: benign (181).png
  Added benign: benign (182).png
  Added benign: benign (183).png
  Added benign: benign (184).png
  Added benign: benign (185).png
  Added benign: benign (186).png
  Added benign: benign (187).png
  Added benign: benign (188).png
  Added benign: benign (189).png
  Added benign: benign (19).png
  Added benign: benign (190).png
  Added benign: benign (191).png
  Added benign: benign (192).png
  Added benign: benign (193).png
  Added benign: benign (194).png
  Added benign: benign (195).png
  Added benign: benign (196).png
  Added benign: benign (197).png
  Added benign: benign (198).png
  Added benign: benign (199).png
  Added benign: benign (2).png
  Added benign: benign (20).png
  Added benign: benign (200).png
  Added benign: benign (201).png
  Added benign: benign (202).png
  Added benign: benign (203).png
  Added benign: benign (204).png
  Added benign: benign (205).png
  Added benign: benign (206).png
  Added benign: benign (207).png
  Added benign: benign (208).png
  Added benign: benign (209).png
  Added benign: benign (21).png
  Added benign: benign (210).png
  Added benign: benign (211).png
  Added benign: benign (212).png
  Added benign: benign (213).png
  Added benign: benign (214).png
  Added benign: benign (215).png
  Added benign: benign (216).png
  Added benign: benign (217).png
  Added benign: benign (218).png
  Added benign: benign (219).png
  Added benign: benign (22).png
  Added benign: benign (220).png
  Added benign: benign (221).png
  Added benign: benign (222).png
  Added benign: benign (223).png
  Added benign: benign (224).png
  Added benign: benign (225).png
  Added benign: benign (226).png
  Added benign: benign (227).png
  Added benign: benign (228).png
  Added benign: benign (229).png
  Added benign: benign (23).png
  Added benign: benign (230).png
  Added benign: benign (231).png
  Added benign: benign (232).png
  Added benign: benign (233).png
  Added benign: benign (234).png
  Added benign: benign (235).png
  Added benign: benign (236).png
  Added benign: benign (237).png
  Added benign: benign (238).png
  Added benign: benign (239).png
  Added benign: benign (24).png
  Added benign: benign (240).png
  Added benign: benign (241).png
  Added benign: benign (242).png
  Added benign: benign (243).png
  Added benign: benign (244).png
  Added benign: benign (245).png
  Added benign: benign (246).png
  Added benign: benign (247).png
  Added benign: benign (248).png
  Added benign: benign (249).png
  Added benign: benign (25).png
  Added benign: benign (250).png
  Added benign: benign (251).png
  Added benign: benign (252).png
  Added benign: benign (253).png
  Added benign: benign (254).png
  Added benign: benign (255).png
  Added benign: benign (256).png
  Added benign: benign (257).png
  Added benign: benign (258).png
  Added benign: benign (259).png
  Added benign: benign (26).png
  Added benign: benign (260).png
  Added benign: benign (261).png
  Added benign: benign (262).png
  Added benign: benign (263).png
  Added benign: benign (264).png
  Added benign: benign (265).png
  Added benign: benign (266).png
  Added benign: benign (267).png
  Added benign: benign (268).png
  Added benign: benign (269).png
  Added benign: benign (27).png
  Added benign: benign (270).png
  Added benign: benign (271).png
  Added benign: benign (272).png
  Added benign: benign (273).png
  Added benign: benign (274).png
  Added benign: benign (275).png
  Added benign: benign (276).png
  Added benign: benign (277).png
  Added benign: benign (278).png
  Added benign: benign (279).png
  Added benign: benign (28).png
  Added benign: benign (280).png
  Added benign: benign (281).png
  Added benign: benign (282).png
  Added benign: benign (283).png
  Added benign: benign (284).png
  Added benign: benign (285).png
  Added benign: benign (286).png
  Added benign: benign (287).png
  Added benign: benign (288).png
  Added benign: benign (289).png
  Added benign: benign (29).png
  Added benign: benign (290).png
  Added benign: benign (291).png
  Added benign: benign (292).png
  Added benign: benign (293).png
  Added benign: benign (294).png
  Added benign: benign (295).png
  Added benign: benign (296).png
  Added benign: benign (297).png
  Added benign: benign (298).png
  Added benign: benign (299).png
  Added benign: benign (3).png
  Added benign: benign (30).png
  Added benign: benign (300).png
  Added benign: benign (301).png
  Added benign: benign (302).png
  Added benign: benign (303).png
  Added benign: benign (304).png
  Added benign: benign (305).png
  Added benign: benign (306).png
  Added benign: benign (307).png
  Added benign: benign (308).png
  Added benign: benign (309).png
  Added benign: benign (31).png
  Added benign: benign (310).png
  Added benign: benign (311).png
  Added benign: benign (312).png
  Added benign: benign (313).png
  Added benign: benign (314).png
  Added benign: benign (315).png
  Added benign: benign (316).png
  Added benign: benign (317).png
  Added benign: benign (318).png
  Added benign: benign (319).png
  Added benign: benign (32).png
  Added benign: benign (320).png
  Added benign: benign (321).png
  Added benign: benign (322).png
  Added benign: benign (323).png
  Added benign: benign (324).png
  Added benign: benign (325).png
  Added benign: benign (326).png
  Added benign: benign (327).png
  Added benign: benign (328).png
  Added benign: benign (329).png
  Added benign: benign (33).png
  Added benign: benign (330).png
  Added benign: benign (331).png
  Added benign: benign (332).png
  Added benign: benign (333).png
  Added benign: benign (334).png
  Added benign: benign (335).png
  Added benign: benign (336).png
  Added benign: benign (337).png
  Added benign: benign (338).png
  Added benign: benign (339).png
  Added benign: benign (34).png
  Added benign: benign (340).png
  Added benign: benign (341).png
  Added benign: benign (342).png
  Added benign: benign (343).png
  Added benign: benign (344).png
  Added benign: benign (345).png
  Added benign: benign (346).png
  Added benign: benign (347).png
  Added benign: benign (348).png
  Added benign: benign (349).png
  Added benign: benign (35).png
  Added benign: benign (350).png
  Added benign: benign (351).png
  Added benign: benign (352).png
  Added benign: benign (353).png
  Added benign: benign (354).png
  Added benign: benign (355).png
  Added benign: benign (356).png
  Added benign: benign (357).png
  Added benign: benign (358).png
  Added benign: benign (359).png
  Added benign: benign (36).png
  Added benign: benign (360).png
  Added benign: benign (361).png
  Added benign: benign (362).png
  Added benign: benign (363).png
  Added benign: benign (364).png
  Added benign: benign (365).png
  Added benign: benign (366).png
  Added benign: benign (367).png
  Added benign: benign (368).png
  Added benign: benign (369).png
  Added benign: benign (37).png
  Added benign: benign (370).png
  Added benign: benign (371).png
  Added benign: benign (372).png
  Added benign: benign (373).png
  Added benign: benign (374).png
  Added benign: benign (375).png
  Added benign: benign (376).png
  Added benign: benign (377).png
  Added benign: benign (378).png
  Added benign: benign (379).png
  Added benign: benign (38).png
  Added benign: benign (380).png
  Added benign: benign (381).png
  Added benign: benign (382).png
  Added benign: benign (383).png
  Added benign: benign (384).png
  Added benign: benign (385).png
  Added benign: benign (386).png
  Added benign: benign (387).png
  Added benign: benign (388).png
  Added benign: benign (389).png
  Added benign: benign (39).png
  Added benign: benign (390).png
  Added benign: benign (391).png
  Added benign: benign (392).png
  Added benign: benign (393).png
  Added benign: benign (394).png
  Added benign: benign (395).png
  Added benign: benign (396).png
  Added benign: benign (397).png
  Added benign: benign (398).png
  Added benign: benign (399).png
  Added benign: benign (4).png
  Added benign: benign (40).png
  Added benign: benign (400).png
  Added benign: benign (401).png
  Added benign: benign (402).png
  Added benign: benign (403).png
  Added benign: benign (404).png
  Added benign: benign (405).png
  Added benign: benign (406).png
  Added benign: benign (407).png
  Added benign: benign (408).png
  Added benign: benign (409).png
  Added benign: benign (41).png
  Added benign: benign (410).png
  Added benign: benign (411).png
  Added benign: benign (412).png
  Added benign: benign (413).png
  Added benign: benign (414).png
  Added benign: benign (415).png
  Added benign: benign (416).png
  Added benign: benign (417).png
  Added benign: benign (418).png
  Added benign: benign (419).png
  Added benign: benign (42).png
  Added benign: benign (420).png
  Added benign: benign (421).png
  Added benign: benign (422).png
  Added benign: benign (423).png
  Added benign: benign (424).png
  Added benign: benign (425).png
  Added benign: benign (426).png
  Added benign: benign (427).png
  Added benign: benign (428).png
  Added benign: benign (429).png
  Added benign: benign (43).png
  Added benign: benign (430).png
  Added benign: benign (431).png
  Added benign: benign (432).png
  Added benign: benign (433).png
  Added benign: benign (434).png
  Added benign: benign (435).png
  Added benign: benign (436).png
  Added benign: benign (437).png
  Added benign: benign (44).png
  Added benign: benign (45).png
  Added benign: benign (46).png
  Added benign: benign (47).png
  Added benign: benign (48).png
  Added benign: benign (49).png
  Added benign: benign (5).png
  Added benign: benign (50).png
  Added benign: benign (51).png
  Added benign: benign (52).png
  Added benign: benign (53).png
  Added benign: benign (54).png
  Added benign: benign (55).png
  Added benign: benign (56).png
  Added benign: benign (57).png
  Added benign: benign (58).png
  Added benign: benign (59).png
  Added benign: benign (6).png
  Added benign: benign (60).png
  Added benign: benign (61).png
  Added benign: benign (62).png
  Added benign: benign (63).png
  Added benign: benign (64).png
  Added benign: benign (65).png
  Added benign: benign (66).png
  Added benign: benign (67).png
  Added benign: benign (68).png
  Added benign: benign (69).png
  Added benign: benign (7).png
  Added benign: benign (70).png
  Added benign: benign (71).png
  Added benign: benign (72).png
  Added benign: benign (73).png
  Added benign: benign (74).png
  Added benign: benign (75).png
  Added benign: benign (76).png
  Added benign: benign (77).png
  Added benign: benign (78).png
  Added benign: benign (79).png
  Added benign: benign (8).png
  Added benign: benign (80).png
  Added benign: benign (81).png
  Added benign: benign (82).png
  Added benign: benign (83).png
  Added benign: benign (84).png
  Added benign: benign (85).png
  Added benign: benign (86).png
  Added benign: benign (87).png
  Added benign: benign (88).png
  Added benign: benign (89).png
  Added benign: benign (9).png
  Added benign: benign (90).png
  Added benign: benign (91).png
  Added benign: benign (92).png
  Added benign: benign (93).png
  Added benign: benign (94).png
  Added benign: benign (95).png
  Added benign: benign (96).png
  Added benign: benign (97).png
  Added benign: benign (98).png
  Added benign: benign (99).png
  Added malignant: malignant (1).png
  Added malignant: malignant (10).png
  Added malignant: malignant (100).png
  Added malignant: malignant (101).png
  Added malignant: malignant (102).png
  Added malignant: malignant (103).png
  Added malignant: malignant (104).png
  Added malignant: malignant (105).png
  Added malignant: malignant (106).png
  Added malignant: malignant (107).png
  Added malignant: malignant (108).png
  Added malignant: malignant (109).png
  Added malignant: malignant (11).png
  Added malignant: malignant (110).png
  Added malignant: malignant (111).png
  Added malignant: malignant (112).png
  Added malignant: malignant (113).png
  Added malignant: malignant (114).png
  Added malignant: malignant (115).png
  Added malignant: malignant (116).png
  Added malignant: malignant (117).png
  Added malignant: malignant (118).png
  Added malignant: malignant (119).png
  Added malignant: malignant (12).png
  Added malignant: malignant (120).png
  Added malignant: malignant (121).png
  Added malignant: malignant (122).png
  Added malignant: malignant (123).png
  Added malignant: malignant (124).png
  Added malignant: malignant (125).png
  Added malignant: malignant (126).png
  Added malignant: malignant (127).png
  Added malignant: malignant (128).png
  Added malignant: malignant (129).png
  Added malignant: malignant (13).png
  Added malignant: malignant (130).png
  Added malignant: malignant (131).png
  Added malignant: malignant (132).png
  Added malignant: malignant (133).png
  Added malignant: malignant (134).png
  Added malignant: malignant (135).png
  Added malignant: malignant (136).png
  Added malignant: malignant (137).png
  Added malignant: malignant (138).png
  Added malignant: malignant (139).png
  Added malignant: malignant (14).png
  Added malignant: malignant (140).png
  Added malignant: malignant (141).png
  Added malignant: malignant (142).png
  Added malignant: malignant (143).png
  Added malignant: malignant (144).png
  Added malignant: malignant (145).png
  Added malignant: malignant (146).png
  Added malignant: malignant (147).png
  Added malignant: malignant (148).png
  Added malignant: malignant (149).png
  Added malignant: malignant (15).png
  Added malignant: malignant (150).png
  Added malignant: malignant (151).png
  Added malignant: malignant (152).png
  Added malignant: malignant (153).png
  Added malignant: malignant (154).png
  Added malignant: malignant (155).png
  Added malignant: malignant (156).png
  Added malignant: malignant (157).png
  Added malignant: malignant (158).png
  Added malignant: malignant (159).png
  Added malignant: malignant (16).png
  Added malignant: malignant (160).png
  Added malignant: malignant (161).png
  Added malignant: malignant (162).png
  Added malignant: malignant (163).png
  Added malignant: malignant (164).png
  Added malignant: malignant (165).png
  Added malignant: malignant (166).png
  Added malignant: malignant (167).png
  Added malignant: malignant (168).png
  Added malignant: malignant (169).png
  Added malignant: malignant (17).png
  Added malignant: malignant (170).png
  Added malignant: malignant (171).png
  Added malignant: malignant (172).png
  Added malignant: malignant (173).png
  Added malignant: malignant (174).png
  Added malignant: malignant (175).png
  Added malignant: malignant (176).png
  Added malignant: malignant (177).png
  Added malignant: malignant (178).png
  Added malignant: malignant (179).png
  Added malignant: malignant (18).png
  Added malignant: malignant (180).png
  Added malignant: malignant (181).png
  Added malignant: malignant (182).png
  Added malignant: malignant (183).png
  Added malignant: malignant (184).png
  Added malignant: malignant (185).png
  Added malignant: malignant (186).png
  Added malignant: malignant (187).png
  Added malignant: malignant (188).png
  Added malignant: malignant (189).png
  Added malignant: malignant (19).png
  Added malignant: malignant (190).png
  Added malignant: malignant (191).png
  Added malignant: malignant (192).png
  Added malignant: malignant (193).png
  Added malignant: malignant (194).png
  Added malignant: malignant (195).png
  Added malignant: malignant (196).png
  Added malignant: malignant (197).png
  Added malignant: malignant (198).png
  Added malignant: malignant (199).png
  Added malignant: malignant (2).png
  Added malignant: malignant (20).png
  Added malignant: malignant (200).png
  Added malignant: malignant (201).png
  Added malignant: malignant (202).png
  Added malignant: malignant (203).png
  Added malignant: malignant (204).png
  Added malignant: malignant (205).png
  Added malignant: malignant (206).png
  Added malignant: malignant (207).png
  Added malignant: malignant (208).png
  Added malignant: malignant (209).png
  Added malignant: malignant (21).png
  Added malignant: malignant (210).png
  Added malignant: malignant (22).png
  Added malignant: malignant (23).png
  Added malignant: malignant (24).png
  Added malignant: malignant (25).png
  Added malignant: malignant (26).png
  Added malignant: malignant (27).png
  Added malignant: malignant (28).png
  Added malignant: malignant (29).png
  Added malignant: malignant (3).png
  Added malignant: malignant (30).png
  Added malignant: malignant (31).png
  Added malignant: malignant (32).png
  Added malignant: malignant (33).png
  Added malignant: malignant (34).png
  Added malignant: malignant (35).png
  Added malignant: malignant (36).png
  Added malignant: malignant (37).png
  Added malignant: malignant (38).png
  Added malignant: malignant (39).png
  Added malignant: malignant (4).png
  Added malignant: malignant (40).png
  Added malignant: malignant (41).png
  Added malignant: malignant (42).png
  Added malignant: malignant (43).png
  Added malignant: malignant (44).png
  Added malignant: malignant (45).png
  Added malignant: malignant (46).png
  Added malignant: malignant (47).png
  Added malignant: malignant (48).png
  Added malignant: malignant (49).png
  Added malignant: malignant (5).png
  Added malignant: malignant (50).png
  Added malignant: malignant (51).png
  Added malignant: malignant (52).png
  Added malignant: malignant (53).png
  Added malignant: malignant (54).png
  Added malignant: malignant (55).png
  Added malignant: malignant (56).png
  Added malignant: malignant (57).png
  Added malignant: malignant (58).png
  Added malignant: malignant (59).png
  Added malignant: malignant (6).png
  Added malignant: malignant (60).png
  Added malignant: malignant (61).png
  Added malignant: malignant (62).png
  Added malignant: malignant (63).png
  Added malignant: malignant (64).png
  Added malignant: malignant (65).png
  Added malignant: malignant (66).png
  Added malignant: malignant (67).png
  Added malignant: malignant (68).png
  Added malignant: malignant (69).png
  Added malignant: malignant (7).png
  Added malignant: malignant (70).png
  Added malignant: malignant (71).png
  Added malignant: malignant (72).png
  Added malignant: malignant (73).png
  Added malignant: malignant (74).png
  Added malignant: malignant (75).png
  Added malignant: malignant (76).png
  Added malignant: malignant (77).png
  Added malignant: malignant (78).png
  Added malignant: malignant (79).png
  Added malignant: malignant (8).png
  Added malignant: malignant (80).png
  Added malignant: malignant (81).png
  Added malignant: malignant (82).png
  Added malignant: malignant (83).png
  Added malignant: malignant (84).png
  Added malignant: malignant (85).png
  Added malignant: malignant (86).png
  Added malignant: malignant (87).png
  Added malignant: malignant (88).png
  Added malignant: malignant (89).png
  Added malignant: malignant (9).png
  Added malignant: malignant (90).png
  Added malignant: malignant (91).png
  Added malignant: malignant (92).png
  Added malignant: malignant (93).png
  Added malignant: malignant (94).png
  Added malignant: malignant (95).png
  Added malignant: malignant (96).png
  Added malignant: malignant (97).png
  Added malignant: malignant (98).png
  Added malignant: malignant (99).png
Total samples loaded: 647
Training dataset: 647 samples
Initialized GAN on cuda
Generator parameters: 7,981,162
Discriminator parameters: 11,411,137
Training Simple GAN for 100 epochs...
Epoch 1/100:   0%|          | 0/81 [00:00<?, ?it/s]Epoch 1/100:   0%|          | 0/81 [00:02<?, ?it/s]
Traceback (most recent call last):
  File "simple_gan_server_clean.py", line 571, in <module>
    main() 
  File "simple_gan_server_clean.py", line 551, in main
    g_losses, d_losses = gan.train(dataloader, num_epochs=args.epochs, save_interval=10)
  File "simple_gan_server_clean.py", line 287, in train
    output_real = self.discriminator(real_data, real_labels)
  File "/home1/dr_272/.conda/envs/madgnet_env_gpu/lib/python3.8/site-packages/torch/nn/modules/module.py", line 1110, in _call_impl
    return forward_call(*input, **kwargs)
  File "simple_gan_server_clean.py", line 148, in forward
    conv_out = self.conv_layers(combined)
  File "/home1/dr_272/.conda/envs/madgnet_env_gpu/lib/python3.8/site-packages/torch/nn/modules/module.py", line 1110, in _call_impl
    return forward_call(*input, **kwargs)
  File "/home1/dr_272/.conda/envs/madgnet_env_gpu/lib/python3.8/site-packages/torch/nn/modules/container.py", line 141, in forward
    input = module(input)
  File "/home1/dr_272/.conda/envs/madgnet_env_gpu/lib/python3.8/site-packages/torch/nn/modules/module.py", line 1110, in _call_impl
    return forward_call(*input, **kwargs)
  File "/home1/dr_272/.conda/envs/madgnet_env_gpu/lib/python3.8/site-packages/torch/nn/modules/conv.py", line 447, in forward
    return self._conv_forward(input, self.weight, self.bias)
  File "/home1/dr_272/.conda/envs/madgnet_env_gpu/lib/python3.8/site-packages/torch/nn/modules/conv.py", line 443, in _conv_forward
    return F.conv2d(input, weight, bias, self.stride,
RuntimeError: Given groups=1, weight of size [64, 2, 4, 4], expected input[8, 3, 256, 256] to have 2 channels, but got 3 channels instead
