==========================================
SLURM_JOB_ID = 1194350
SLURM_JOB_NODELIST = a04-06
TMPDIR = /tmp/SLURM_1194350
==========================================
🔬 MADGNET Training with Synthetic BUSI Data
Job ID: 1194350
Node: a04-06
GPU: 0
📋 Configuration:
   GAN Checkpoint: checkpoints/busi_gan_final.pth
   Synthetic Directory: synthetic_busi_madgnet
   MADGNET Epochs: 100
   Batch Size: 4

🚀 Starting Complete Pipeline...
🎨 Generating Final Synthetic BUSI Dataset for MADGNET Training
======================================================================
📁 Checkpoint: checkpoints/busi_gan_final.pth
📁 Output: synthetic_busi_madgnet
🎯 Target: 175 benign + 89 malignant = 264 total
💻 Device: cuda
Initialized Conditional GAN on cuda
Generator parameters: 4,462,426
Discriminator parameters: 11,214,629

📥 Loading trained GAN...
Loaded checkpoint: checkpoints/busi_gan_final.pth
✅ GAN loaded successfully!

🚀 Generating synthetic dataset...
Generating synthetic dataset...
Generating 175 benign samples...
Generating 89 malignant samples...
✅ Synthetic dataset generated!
   Output directory: synthetic_busi_madgnet
   Total samples: 264
   Benign: 175, Malignant: 89
   Dataset CSV: synthetic_busi_madgnet/synthetic_dataset.csv

🎉 Success! Synthetic dataset generated at: synthetic_busi_madgnet
📊 Generated 264 samples total
📁 Ready for MADGNET training!

📂 Directory structure:
   synthetic_busi_madgnet/
   ├── benign/
   │   ├── image/ (175 images)
   │   └── mask/ (175 masks)
   ├── malignant/
   │   ├── image/ (89 images)
   │   └── mask/ (89 masks)
   └── synthetic_dataset.csv
Hello! We start experiment for 2D Image Segmentation!
You are using "cuda" device.
STEP1. Load BUSI Test Dataset Loader...
STEP2. Load MADGNet ...
Complete loading your pretrained backbone resnest50
TRAINING
STEP1. Load BUSI-Synthetic-Combined Train Dataset Loader...
🔄 Loading BUSI+Synthetic combined training dataset...
   ✅ Loaded 0 original BUSI training samples
   ✅ Loaded 264 synthetic samples
   📊 Total combined training samples: 264
   📈 Breakdown:
      Original BUSI: 0
      Synthetic: 264
      Benign: 175
      Malignant: 89
EPOCH 1 | 10/66 (15.2%) COMPLETE
EPOCH 1 | 20/66 (30.3%) COMPLETE
EPOCH 1 | 30/66 (45.5%) COMPLETE
EPOCH 1 | 40/66 (60.6%) COMPLETE
EPOCH 1 | 50/66 (75.8%) COMPLETE
EPOCH 1 | 60/66 (90.9%) COMPLETE
EPOCH 1 | Average Loss: 0.8779
EPOCH 2 | 10/66 (15.2%) COMPLETE
EPOCH 2 | 20/66 (30.3%) COMPLETE
EPOCH 2 | 30/66 (45.5%) COMPLETE
EPOCH 2 | 40/66 (60.6%) COMPLETE
EPOCH 2 | 50/66 (75.8%) COMPLETE
EPOCH 2 | 60/66 (90.9%) COMPLETE
EPOCH 2 | Average Loss: 0.6952
EPOCH 3 | 10/66 (15.2%) COMPLETE
EPOCH 3 | 20/66 (30.3%) COMPLETE
EPOCH 3 | 30/66 (45.5%) COMPLETE
EPOCH 3 | 40/66 (60.6%) COMPLETE
EPOCH 3 | 50/66 (75.8%) COMPLETE
EPOCH 3 | 60/66 (90.9%) COMPLETE
EPOCH 3 | Average Loss: 0.6397
EPOCH 4 | 10/66 (15.2%) COMPLETE
EPOCH 4 | 20/66 (30.3%) COMPLETE
EPOCH 4 | 30/66 (45.5%) COMPLETE
EPOCH 4 | 40/66 (60.6%) COMPLETE
EPOCH 4 | 50/66 (75.8%) COMPLETE
EPOCH 4 | 60/66 (90.9%) COMPLETE
EPOCH 4 | Average Loss: 0.5979
EPOCH 5 | 10/66 (15.2%) COMPLETE
EPOCH 5 | 20/66 (30.3%) COMPLETE
EPOCH 5 | 30/66 (45.5%) COMPLETE
EPOCH 5 | 40/66 (60.6%) COMPLETE
EPOCH 5 | 50/66 (75.8%) COMPLETE
EPOCH 5 | 60/66 (90.9%) COMPLETE
EPOCH 5 | Average Loss: 0.5607
EPOCH 6 | 10/66 (15.2%) COMPLETE
EPOCH 6 | 20/66 (30.3%) COMPLETE
EPOCH 6 | 30/66 (45.5%) COMPLETE
EPOCH 6 | 40/66 (60.6%) COMPLETE
EPOCH 6 | 50/66 (75.8%) COMPLETE
EPOCH 6 | 60/66 (90.9%) COMPLETE
EPOCH 6 | Average Loss: 0.5314
EPOCH 7 | 10/66 (15.2%) COMPLETE
EPOCH 7 | 20/66 (30.3%) COMPLETE
EPOCH 7 | 30/66 (45.5%) COMPLETE
EPOCH 7 | 40/66 (60.6%) COMPLETE
EPOCH 7 | 50/66 (75.8%) COMPLETE
EPOCH 7 | 60/66 (90.9%) COMPLETE
EPOCH 7 | Average Loss: 0.5046
EPOCH 8 | 10/66 (15.2%) COMPLETE
EPOCH 8 | 20/66 (30.3%) COMPLETE
EPOCH 8 | 30/66 (45.5%) COMPLETE
EPOCH 8 | 40/66 (60.6%) COMPLETE
EPOCH 8 | 50/66 (75.8%) COMPLETE
EPOCH 8 | 60/66 (90.9%) COMPLETE
EPOCH 8 | Average Loss: 0.4784
EPOCH 9 | 10/66 (15.2%) COMPLETE
EPOCH 9 | 20/66 (30.3%) COMPLETE
EPOCH 9 | 30/66 (45.5%) COMPLETE
EPOCH 9 | 40/66 (60.6%) COMPLETE
EPOCH 9 | 50/66 (75.8%) COMPLETE
EPOCH 9 | 60/66 (90.9%) COMPLETE
EPOCH 9 | Average Loss: 0.4535
EPOCH 10 | 10/66 (15.2%) COMPLETE
EPOCH 10 | 20/66 (30.3%) COMPLETE
EPOCH 10 | 30/66 (45.5%) COMPLETE
EPOCH 10 | 40/66 (60.6%) COMPLETE
EPOCH 10 | 50/66 (75.8%) COMPLETE
EPOCH 10 | 60/66 (90.9%) COMPLETE
EPOCH 10 | Average Loss: 0.4319
EPOCH 11 | 10/66 (15.2%) COMPLETE
EPOCH 11 | 20/66 (30.3%) COMPLETE
EPOCH 11 | 30/66 (45.5%) COMPLETE
EPOCH 11 | 40/66 (60.6%) COMPLETE
EPOCH 11 | 50/66 (75.8%) COMPLETE
EPOCH 11 | 60/66 (90.9%) COMPLETE
EPOCH 11 | Average Loss: 0.4192
EPOCH 12 | 10/66 (15.2%) COMPLETE
EPOCH 12 | 20/66 (30.3%) COMPLETE
EPOCH 12 | 30/66 (45.5%) COMPLETE
EPOCH 12 | 40/66 (60.6%) COMPLETE
EPOCH 12 | 50/66 (75.8%) COMPLETE
EPOCH 12 | 60/66 (90.9%) COMPLETE
EPOCH 12 | Average Loss: 0.3879
EPOCH 13 | 10/66 (15.2%) COMPLETE
EPOCH 13 | 20/66 (30.3%) COMPLETE
EPOCH 13 | 30/66 (45.5%) COMPLETE
EPOCH 13 | 40/66 (60.6%) COMPLETE
EPOCH 13 | 50/66 (75.8%) COMPLETE
EPOCH 13 | 60/66 (90.9%) COMPLETE
EPOCH 13 | Average Loss: 0.3664
EPOCH 14 | 10/66 (15.2%) COMPLETE
EPOCH 14 | 20/66 (30.3%) COMPLETE
EPOCH 14 | 30/66 (45.5%) COMPLETE
EPOCH 14 | 40/66 (60.6%) COMPLETE
EPOCH 14 | 50/66 (75.8%) COMPLETE
EPOCH 14 | 60/66 (90.9%) COMPLETE
EPOCH 14 | Average Loss: 0.3471
EPOCH 15 | 10/66 (15.2%) COMPLETE
EPOCH 15 | 20/66 (30.3%) COMPLETE
EPOCH 15 | 30/66 (45.5%) COMPLETE
EPOCH 15 | 40/66 (60.6%) COMPLETE
EPOCH 15 | 50/66 (75.8%) COMPLETE
EPOCH 15 | 60/66 (90.9%) COMPLETE
EPOCH 15 | Average Loss: 0.3282
EPOCH 16 | 10/66 (15.2%) COMPLETE
EPOCH 16 | 20/66 (30.3%) COMPLETE
EPOCH 16 | 30/66 (45.5%) COMPLETE
EPOCH 16 | 40/66 (60.6%) COMPLETE
EPOCH 16 | 50/66 (75.8%) COMPLETE
EPOCH 16 | 60/66 (90.9%) COMPLETE
EPOCH 16 | Average Loss: 0.3181
EPOCH 17 | 10/66 (15.2%) COMPLETE
EPOCH 17 | 20/66 (30.3%) COMPLETE
EPOCH 17 | 30/66 (45.5%) COMPLETE
EPOCH 17 | 40/66 (60.6%) COMPLETE
EPOCH 17 | 50/66 (75.8%) COMPLETE
EPOCH 17 | 60/66 (90.9%) COMPLETE
EPOCH 17 | Average Loss: 0.2987
EPOCH 18 | 10/66 (15.2%) COMPLETE
EPOCH 18 | 20/66 (30.3%) COMPLETE
EPOCH 18 | 30/66 (45.5%) COMPLETE
EPOCH 18 | 40/66 (60.6%) COMPLETE
EPOCH 18 | 50/66 (75.8%) COMPLETE
EPOCH 18 | 60/66 (90.9%) COMPLETE
EPOCH 18 | Average Loss: 0.2809
EPOCH 19 | 10/66 (15.2%) COMPLETE
EPOCH 19 | 20/66 (30.3%) COMPLETE
EPOCH 19 | 30/66 (45.5%) COMPLETE
EPOCH 19 | 40/66 (60.6%) COMPLETE
EPOCH 19 | 50/66 (75.8%) COMPLETE
EPOCH 19 | 60/66 (90.9%) COMPLETE
EPOCH 19 | Average Loss: 0.2660
EPOCH 20 | 10/66 (15.2%) COMPLETE
EPOCH 20 | 20/66 (30.3%) COMPLETE
EPOCH 20 | 30/66 (45.5%) COMPLETE
EPOCH 20 | 40/66 (60.6%) COMPLETE
EPOCH 20 | 50/66 (75.8%) COMPLETE
EPOCH 20 | 60/66 (90.9%) COMPLETE
EPOCH 20 | Average Loss: 0.2513
EPOCH 21 | 10/66 (15.2%) COMPLETE
EPOCH 21 | 20/66 (30.3%) COMPLETE
EPOCH 21 | 30/66 (45.5%) COMPLETE
EPOCH 21 | 40/66 (60.6%) COMPLETE
EPOCH 21 | 50/66 (75.8%) COMPLETE
EPOCH 21 | 60/66 (90.9%) COMPLETE
EPOCH 21 | Average Loss: 0.2513
EPOCH 22 | 10/66 (15.2%) COMPLETE
EPOCH 22 | 20/66 (30.3%) COMPLETE
EPOCH 22 | 30/66 (45.5%) COMPLETE
EPOCH 22 | 40/66 (60.6%) COMPLETE
EPOCH 22 | 50/66 (75.8%) COMPLETE
EPOCH 22 | 60/66 (90.9%) COMPLETE
EPOCH 22 | Average Loss: 0.2305
EPOCH 23 | 10/66 (15.2%) COMPLETE
EPOCH 23 | 20/66 (30.3%) COMPLETE
EPOCH 23 | 30/66 (45.5%) COMPLETE
EPOCH 23 | 40/66 (60.6%) COMPLETE
EPOCH 23 | 50/66 (75.8%) COMPLETE
EPOCH 23 | 60/66 (90.9%) COMPLETE
EPOCH 23 | Average Loss: 0.2151
EPOCH 24 | 10/66 (15.2%) COMPLETE
EPOCH 24 | 20/66 (30.3%) COMPLETE
EPOCH 24 | 30/66 (45.5%) COMPLETE
EPOCH 24 | 40/66 (60.6%) COMPLETE
EPOCH 24 | 50/66 (75.8%) COMPLETE
EPOCH 24 | 60/66 (90.9%) COMPLETE
EPOCH 24 | Average Loss: 0.2040
EPOCH 25 | 10/66 (15.2%) COMPLETE
EPOCH 25 | 20/66 (30.3%) COMPLETE
EPOCH 25 | 30/66 (45.5%) COMPLETE
EPOCH 25 | 40/66 (60.6%) COMPLETE
EPOCH 25 | 50/66 (75.8%) COMPLETE
EPOCH 25 | 60/66 (90.9%) COMPLETE
EPOCH 25 | Average Loss: 0.1970
EPOCH 26 | 10/66 (15.2%) COMPLETE
EPOCH 26 | 20/66 (30.3%) COMPLETE
EPOCH 26 | 30/66 (45.5%) COMPLETE
EPOCH 26 | 40/66 (60.6%) COMPLETE
EPOCH 26 | 50/66 (75.8%) COMPLETE
EPOCH 26 | 60/66 (90.9%) COMPLETE
EPOCH 26 | Average Loss: 0.1894
EPOCH 27 | 10/66 (15.2%) COMPLETE
EPOCH 27 | 20/66 (30.3%) COMPLETE
EPOCH 27 | 30/66 (45.5%) COMPLETE
EPOCH 27 | 40/66 (60.6%) COMPLETE
EPOCH 27 | 50/66 (75.8%) COMPLETE
EPOCH 27 | 60/66 (90.9%) COMPLETE
EPOCH 27 | Average Loss: 0.1745
EPOCH 28 | 10/66 (15.2%) COMPLETE
EPOCH 28 | 20/66 (30.3%) COMPLETE
EPOCH 28 | 30/66 (45.5%) COMPLETE
EPOCH 28 | 40/66 (60.6%) COMPLETE
EPOCH 28 | 50/66 (75.8%) COMPLETE
EPOCH 28 | 60/66 (90.9%) COMPLETE
EPOCH 28 | Average Loss: 0.1649
EPOCH 29 | 10/66 (15.2%) COMPLETE
EPOCH 29 | 20/66 (30.3%) COMPLETE
EPOCH 29 | 30/66 (45.5%) COMPLETE
EPOCH 29 | 40/66 (60.6%) COMPLETE
EPOCH 29 | 50/66 (75.8%) COMPLETE
EPOCH 29 | 60/66 (90.9%) COMPLETE
EPOCH 29 | Average Loss: 0.1559
EPOCH 30 | 10/66 (15.2%) COMPLETE
EPOCH 30 | 20/66 (30.3%) COMPLETE
EPOCH 30 | 30/66 (45.5%) COMPLETE
EPOCH 30 | 40/66 (60.6%) COMPLETE
EPOCH 30 | 50/66 (75.8%) COMPLETE
EPOCH 30 | 60/66 (90.9%) COMPLETE
EPOCH 30 | Average Loss: 0.1481
EPOCH 31 | 10/66 (15.2%) COMPLETE
EPOCH 31 | 20/66 (30.3%) COMPLETE
EPOCH 31 | 30/66 (45.5%) COMPLETE
EPOCH 31 | 40/66 (60.6%) COMPLETE
EPOCH 31 | 50/66 (75.8%) COMPLETE
EPOCH 31 | 60/66 (90.9%) COMPLETE
EPOCH 31 | Average Loss: 0.1402
EPOCH 32 | 10/66 (15.2%) COMPLETE
EPOCH 32 | 20/66 (30.3%) COMPLETE
EPOCH 32 | 30/66 (45.5%) COMPLETE
EPOCH 32 | 40/66 (60.6%) COMPLETE
EPOCH 32 | 50/66 (75.8%) COMPLETE
EPOCH 32 | 60/66 (90.9%) COMPLETE
EPOCH 32 | Average Loss: 0.1334
EPOCH 33 | 10/66 (15.2%) COMPLETE
EPOCH 33 | 20/66 (30.3%) COMPLETE
EPOCH 33 | 30/66 (45.5%) COMPLETE
EPOCH 33 | 40/66 (60.6%) COMPLETE
EPOCH 33 | 50/66 (75.8%) COMPLETE
EPOCH 33 | 60/66 (90.9%) COMPLETE
EPOCH 33 | Average Loss: 0.1266
EPOCH 34 | 10/66 (15.2%) COMPLETE
EPOCH 34 | 20/66 (30.3%) COMPLETE
EPOCH 34 | 30/66 (45.5%) COMPLETE
EPOCH 34 | 40/66 (60.6%) COMPLETE
EPOCH 34 | 50/66 (75.8%) COMPLETE
EPOCH 34 | 60/66 (90.9%) COMPLETE
EPOCH 34 | Average Loss: 0.1255
EPOCH 35 | 10/66 (15.2%) COMPLETE
EPOCH 35 | 20/66 (30.3%) COMPLETE
EPOCH 35 | 30/66 (45.5%) COMPLETE
EPOCH 35 | 40/66 (60.6%) COMPLETE
EPOCH 35 | 50/66 (75.8%) COMPLETE
EPOCH 35 | 60/66 (90.9%) COMPLETE
EPOCH 35 | Average Loss: 0.1190
EPOCH 36 | 10/66 (15.2%) COMPLETE
EPOCH 36 | 20/66 (30.3%) COMPLETE
EPOCH 36 | 30/66 (45.5%) COMPLETE
EPOCH 36 | 40/66 (60.6%) COMPLETE
EPOCH 36 | 50/66 (75.8%) COMPLETE
EPOCH 36 | 60/66 (90.9%) COMPLETE
EPOCH 36 | Average Loss: 0.1112
EPOCH 37 | 10/66 (15.2%) COMPLETE
EPOCH 37 | 20/66 (30.3%) COMPLETE
EPOCH 37 | 30/66 (45.5%) COMPLETE
EPOCH 37 | 40/66 (60.6%) COMPLETE
EPOCH 37 | 50/66 (75.8%) COMPLETE
EPOCH 37 | 60/66 (90.9%) COMPLETE
EPOCH 37 | Average Loss: 0.1053
EPOCH 38 | 10/66 (15.2%) COMPLETE
EPOCH 38 | 20/66 (30.3%) COMPLETE
EPOCH 38 | 30/66 (45.5%) COMPLETE
EPOCH 38 | 40/66 (60.6%) COMPLETE
EPOCH 38 | 50/66 (75.8%) COMPLETE
EPOCH 38 | 60/66 (90.9%) COMPLETE
EPOCH 38 | Average Loss: 0.0995
EPOCH 39 | 10/66 (15.2%) COMPLETE
EPOCH 39 | 20/66 (30.3%) COMPLETE
EPOCH 39 | 30/66 (45.5%) COMPLETE
EPOCH 39 | 40/66 (60.6%) COMPLETE
EPOCH 39 | 50/66 (75.8%) COMPLETE
EPOCH 39 | 60/66 (90.9%) COMPLETE
EPOCH 39 | Average Loss: 0.0947
EPOCH 40 | 10/66 (15.2%) COMPLETE
EPOCH 40 | 20/66 (30.3%) COMPLETE
EPOCH 40 | 30/66 (45.5%) COMPLETE
EPOCH 40 | 40/66 (60.6%) COMPLETE
EPOCH 40 | 50/66 (75.8%) COMPLETE
EPOCH 40 | 60/66 (90.9%) COMPLETE
EPOCH 40 | Average Loss: 0.0959
EPOCH 41 | 10/66 (15.2%) COMPLETE
EPOCH 41 | 20/66 (30.3%) COMPLETE
EPOCH 41 | 30/66 (45.5%) COMPLETE
EPOCH 41 | 40/66 (60.6%) COMPLETE
EPOCH 41 | 50/66 (75.8%) COMPLETE
EPOCH 41 | 60/66 (90.9%) COMPLETE
EPOCH 41 | Average Loss: 0.0873
EPOCH 42 | 10/66 (15.2%) COMPLETE
EPOCH 42 | 20/66 (30.3%) COMPLETE
EPOCH 42 | 30/66 (45.5%) COMPLETE
EPOCH 42 | 40/66 (60.6%) COMPLETE
EPOCH 42 | 50/66 (75.8%) COMPLETE
EPOCH 42 | 60/66 (90.9%) COMPLETE
EPOCH 42 | Average Loss: 0.0829
EPOCH 43 | 10/66 (15.2%) COMPLETE
EPOCH 43 | 20/66 (30.3%) COMPLETE
EPOCH 43 | 30/66 (45.5%) COMPLETE
EPOCH 43 | 40/66 (60.6%) COMPLETE
EPOCH 43 | 50/66 (75.8%) COMPLETE
EPOCH 43 | 60/66 (90.9%) COMPLETE
EPOCH 43 | Average Loss: 0.0790
EPOCH 44 | 10/66 (15.2%) COMPLETE
EPOCH 44 | 20/66 (30.3%) COMPLETE
EPOCH 44 | 30/66 (45.5%) COMPLETE
EPOCH 44 | 40/66 (60.6%) COMPLETE
EPOCH 44 | 50/66 (75.8%) COMPLETE
EPOCH 44 | 60/66 (90.9%) COMPLETE
EPOCH 44 | Average Loss: 0.0754
EPOCH 45 | 10/66 (15.2%) COMPLETE
EPOCH 45 | 20/66 (30.3%) COMPLETE
EPOCH 45 | 30/66 (45.5%) COMPLETE
EPOCH 45 | 40/66 (60.6%) COMPLETE
EPOCH 45 | 50/66 (75.8%) COMPLETE
EPOCH 45 | 60/66 (90.9%) COMPLETE
EPOCH 45 | Average Loss: 0.0720
EPOCH 46 | 10/66 (15.2%) COMPLETE
EPOCH 46 | 20/66 (30.3%) COMPLETE
EPOCH 46 | 30/66 (45.5%) COMPLETE
EPOCH 46 | 40/66 (60.6%) COMPLETE
EPOCH 46 | 50/66 (75.8%) COMPLETE
EPOCH 46 | 60/66 (90.9%) COMPLETE
EPOCH 46 | Average Loss: 0.0687
EPOCH 47 | 10/66 (15.2%) COMPLETE
EPOCH 47 | 20/66 (30.3%) COMPLETE
EPOCH 47 | 30/66 (45.5%) COMPLETE
EPOCH 47 | 40/66 (60.6%) COMPLETE
EPOCH 47 | 50/66 (75.8%) COMPLETE
EPOCH 47 | 60/66 (90.9%) COMPLETE
EPOCH 47 | Average Loss: 0.0658
EPOCH 48 | 10/66 (15.2%) COMPLETE
EPOCH 48 | 20/66 (30.3%) COMPLETE
EPOCH 48 | 30/66 (45.5%) COMPLETE
EPOCH 48 | 40/66 (60.6%) COMPLETE
EPOCH 48 | 50/66 (75.8%) COMPLETE
EPOCH 48 | 60/66 (90.9%) COMPLETE
EPOCH 48 | Average Loss: 0.0648
EPOCH 49 | 10/66 (15.2%) COMPLETE
EPOCH 49 | 20/66 (30.3%) COMPLETE
EPOCH 49 | 30/66 (45.5%) COMPLETE
EPOCH 49 | 40/66 (60.6%) COMPLETE
EPOCH 49 | 50/66 (75.8%) COMPLETE
EPOCH 49 | 60/66 (90.9%) COMPLETE
EPOCH 49 | Average Loss: 0.0607
EPOCH 50 | 10/66 (15.2%) COMPLETE
EPOCH 50 | 20/66 (30.3%) COMPLETE
EPOCH 50 | 30/66 (45.5%) COMPLETE
EPOCH 50 | 40/66 (60.6%) COMPLETE
EPOCH 50 | 50/66 (75.8%) COMPLETE
EPOCH 50 | 60/66 (90.9%) COMPLETE
EPOCH 50 | Average Loss: 0.0582
EPOCH 51 | 10/66 (15.2%) COMPLETE
EPOCH 51 | 20/66 (30.3%) COMPLETE
EPOCH 51 | 30/66 (45.5%) COMPLETE
EPOCH 51 | 40/66 (60.6%) COMPLETE
EPOCH 51 | 50/66 (75.8%) COMPLETE
EPOCH 51 | 60/66 (90.9%) COMPLETE
EPOCH 51 | Average Loss: 0.0603
EPOCH 52 | 10/66 (15.2%) COMPLETE
EPOCH 52 | 20/66 (30.3%) COMPLETE
EPOCH 52 | 30/66 (45.5%) COMPLETE
EPOCH 52 | 40/66 (60.6%) COMPLETE
EPOCH 52 | 50/66 (75.8%) COMPLETE
EPOCH 52 | 60/66 (90.9%) COMPLETE
EPOCH 52 | Average Loss: 0.0538
EPOCH 53 | 10/66 (15.2%) COMPLETE
EPOCH 53 | 20/66 (30.3%) COMPLETE
EPOCH 53 | 30/66 (45.5%) COMPLETE
EPOCH 53 | 40/66 (60.6%) COMPLETE
EPOCH 53 | 50/66 (75.8%) COMPLETE
EPOCH 53 | 60/66 (90.9%) COMPLETE
EPOCH 53 | Average Loss: 0.0507
EPOCH 54 | 10/66 (15.2%) COMPLETE
EPOCH 54 | 20/66 (30.3%) COMPLETE
EPOCH 54 | 30/66 (45.5%) COMPLETE
EPOCH 54 | 40/66 (60.6%) COMPLETE
EPOCH 54 | 50/66 (75.8%) COMPLETE
EPOCH 54 | 60/66 (90.9%) COMPLETE
EPOCH 54 | Average Loss: 0.0482
EPOCH 55 | 10/66 (15.2%) COMPLETE
EPOCH 55 | 20/66 (30.3%) COMPLETE
EPOCH 55 | 30/66 (45.5%) COMPLETE
EPOCH 55 | 40/66 (60.6%) COMPLETE
EPOCH 55 | 50/66 (75.8%) COMPLETE
EPOCH 55 | 60/66 (90.9%) COMPLETE
EPOCH 55 | Average Loss: 0.0462
EPOCH 56 | 10/66 (15.2%) COMPLETE
EPOCH 56 | 20/66 (30.3%) COMPLETE
EPOCH 56 | 30/66 (45.5%) COMPLETE
EPOCH 56 | 40/66 (60.6%) COMPLETE
EPOCH 56 | 50/66 (75.8%) COMPLETE
EPOCH 56 | 60/66 (90.9%) COMPLETE
EPOCH 56 | Average Loss: 0.0491
EPOCH 57 | 10/66 (15.2%) COMPLETE
EPOCH 57 | 20/66 (30.3%) COMPLETE
EPOCH 57 | 30/66 (45.5%) COMPLETE
EPOCH 57 | 40/66 (60.6%) COMPLETE
EPOCH 57 | 50/66 (75.8%) COMPLETE
EPOCH 57 | 60/66 (90.9%) COMPLETE
EPOCH 57 | Average Loss: 0.0457
EPOCH 58 | 10/66 (15.2%) COMPLETE
EPOCH 58 | 20/66 (30.3%) COMPLETE
EPOCH 58 | 30/66 (45.5%) COMPLETE
EPOCH 58 | 40/66 (60.6%) COMPLETE
EPOCH 58 | 50/66 (75.8%) COMPLETE
EPOCH 58 | 60/66 (90.9%) COMPLETE
EPOCH 58 | Average Loss: 0.0419
EPOCH 59 | 10/66 (15.2%) COMPLETE
EPOCH 59 | 20/66 (30.3%) COMPLETE
EPOCH 59 | 30/66 (45.5%) COMPLETE
EPOCH 59 | 40/66 (60.6%) COMPLETE
EPOCH 59 | 50/66 (75.8%) COMPLETE
EPOCH 59 | 60/66 (90.9%) COMPLETE
EPOCH 59 | Average Loss: 0.0389
EPOCH 60 | 10/66 (15.2%) COMPLETE
EPOCH 60 | 20/66 (30.3%) COMPLETE
EPOCH 60 | 30/66 (45.5%) COMPLETE
EPOCH 60 | 40/66 (60.6%) COMPLETE
EPOCH 60 | 50/66 (75.8%) COMPLETE
EPOCH 60 | 60/66 (90.9%) COMPLETE
EPOCH 60 | Average Loss: 0.0375
EPOCH 61 | 10/66 (15.2%) COMPLETE
EPOCH 61 | 20/66 (30.3%) COMPLETE
EPOCH 61 | 30/66 (45.5%) COMPLETE
EPOCH 61 | 40/66 (60.6%) COMPLETE
EPOCH 61 | 50/66 (75.8%) COMPLETE
EPOCH 61 | 60/66 (90.9%) COMPLETE
EPOCH 61 | Average Loss: 0.0372
EPOCH 62 | 10/66 (15.2%) COMPLETE
EPOCH 62 | 20/66 (30.3%) COMPLETE
EPOCH 62 | 30/66 (45.5%) COMPLETE
EPOCH 62 | 40/66 (60.6%) COMPLETE
EPOCH 62 | 50/66 (75.8%) COMPLETE
EPOCH 62 | 60/66 (90.9%) COMPLETE
EPOCH 62 | Average Loss: 0.0375
EPOCH 63 | 10/66 (15.2%) COMPLETE
EPOCH 63 | 20/66 (30.3%) COMPLETE
EPOCH 63 | 30/66 (45.5%) COMPLETE
EPOCH 63 | 40/66 (60.6%) COMPLETE
EPOCH 63 | 50/66 (75.8%) COMPLETE
EPOCH 63 | 60/66 (90.9%) COMPLETE
EPOCH 63 | Average Loss: 0.0356
EPOCH 64 | 10/66 (15.2%) COMPLETE
EPOCH 64 | 20/66 (30.3%) COMPLETE
EPOCH 64 | 30/66 (45.5%) COMPLETE
EPOCH 64 | 40/66 (60.6%) COMPLETE
EPOCH 64 | 50/66 (75.8%) COMPLETE
EPOCH 64 | 60/66 (90.9%) COMPLETE
EPOCH 64 | Average Loss: 0.0334
EPOCH 65 | 10/66 (15.2%) COMPLETE
EPOCH 65 | 20/66 (30.3%) COMPLETE
EPOCH 65 | 30/66 (45.5%) COMPLETE
EPOCH 65 | 40/66 (60.6%) COMPLETE
EPOCH 65 | 50/66 (75.8%) COMPLETE
EPOCH 65 | 60/66 (90.9%) COMPLETE
EPOCH 65 | Average Loss: 0.0316
EPOCH 66 | 10/66 (15.2%) COMPLETE
EPOCH 66 | 20/66 (30.3%) COMPLETE
EPOCH 66 | 30/66 (45.5%) COMPLETE
EPOCH 66 | 40/66 (60.6%) COMPLETE
EPOCH 66 | 50/66 (75.8%) COMPLETE
EPOCH 66 | 60/66 (90.9%) COMPLETE
EPOCH 66 | Average Loss: 0.0346
EPOCH 67 | 10/66 (15.2%) COMPLETE
EPOCH 67 | 20/66 (30.3%) COMPLETE
EPOCH 67 | 30/66 (45.5%) COMPLETE
EPOCH 67 | 40/66 (60.6%) COMPLETE
EPOCH 67 | 50/66 (75.8%) COMPLETE
EPOCH 67 | 60/66 (90.9%) COMPLETE
EPOCH 67 | Average Loss: 0.0595
EPOCH 68 | 10/66 (15.2%) COMPLETE
EPOCH 68 | 20/66 (30.3%) COMPLETE
EPOCH 68 | 30/66 (45.5%) COMPLETE
EPOCH 68 | 40/66 (60.6%) COMPLETE
EPOCH 68 | 50/66 (75.8%) COMPLETE
EPOCH 68 | 60/66 (90.9%) COMPLETE
EPOCH 68 | Average Loss: 0.0359
